<?xml version="1.0" encoding="UTF-8"?>
<testsuite xmlns:xsi="http://www.w3.org/2001/XMLSchema-instance" xsi:noNamespaceSchemaLocation="https://maven.apache.org/surefire/maven-surefire-plugin/xsd/surefire-test-report.xsd" version="3.0.2" name="com.cuit.blog.controller.LikeControllerTest" time="0.047" tests="8" errors="0" skipped="0" failures="0">
  <properties>
[...]
</properties>
  <testcase name="testGetArticleLikeCount" classname="点赞模块测试" time="0.004">
    <system-out><![CDATA[2025-12-03T12:04:53.163+08:00  INFO 81995 --- [cuit-my-blog-test] [           main] t.c.s.AnnotationConfigContextLoaderUtils : Could not detect default configuration classes for test class [com.cuit.blog.controller.LikeControllerTest]: LikeControllerTest does not declare any static, non-private, non-final, nested classes annotated with @Configuration.
2025-12-03T12:04:53.164+08:00  INFO 81995 --- [cuit-my-blog-test] [           main] .b.t.c.SpringBootTestContextBootstrapper : Found @SpringBootConfiguration com.cuit.blog.CuitMyBlogApplication for test class com.cuit.blog.controller.LikeControllerTest

MockHttpServletRequest:
      HTTP Method = GET
      Request URI = /api/likes/article/1/count
       Parameters = {}
          Headers = []
             Body = null
    Session Attrs = {}

Handler:
             Type = com.cuit.blog.controller.LikeController
           Method = com.cuit.blog.controller.LikeController#getLikeCount(Long)

Async:
    Async started = false
     Async result = null

Resolved Exception:
             Type = null

ModelAndView:
        View name = null
             View = null
            Model = null

FlashMap:
       Attributes = null

MockHttpServletResponse:
           Status = 200
    Error message = null
          Headers = [Vary:"Origin", "Access-Control-Request-Method", "Access-Control-Request-Headers", Content-Type:"application/json", X-Content-Type-Options:"nosniff", X-XSS-Protection:"0", Cache-Control:"no-cache, no-store, max-age=0, must-revalidate", Pragma:"no-cache", Expires:"0", X-Frame-Options:"DENY"]
     Content type = application/json
             Body = {"code":200,"message":"操作成功","data":1,"timestamp":1764734693167}
    Forwarded URL = null
   Redirected URL = null
          Cookies = []
]]></system-out>
  </testcase>
  <testcase name="testIsLiked_True" classname="点赞模块测试" time="0.005">
    <system-out><![CDATA[
MockHttpServletRequest:
      HTTP Method = GET
      Request URI = /api/likes/article/1/status
       Parameters = {}
          Headers = [Authorization:"Bearer eyJhbGciOiJIUzI1NiJ9.eyJ1c2VySWQiOjMsInJvbGUiOiJVU0VSIiwic3ViIjoidGVzdHVzZXIyIiwiaWF0IjoxNzY0NzM0NjkzLCJleHAiOjE3NjQ4MjEwOTN9.DR0FdSc0Is8j_h8H9Yy2EvisBdetHOEjxaj8tbUO5ZA"]
             Body = null
    Session Attrs = {}

Handler:
             Type = com.cuit.blog.controller.LikeController
           Method = com.cuit.blog.controller.LikeController#isLiked(Long)

Async:
    Async started = false
     Async result = null

Resolved Exception:
             Type = null

ModelAndView:
        View name = null
             View = null
            Model = null

FlashMap:
       Attributes = null

MockHttpServletResponse:
           Status = 200
    Error message = null
          Headers = [Vary:"Origin", "Access-Control-Request-Method", "Access-Control-Request-Headers", Content-Type:"application/json", X-Content-Type-Options:"nosniff", X-XSS-Protection:"0", Cache-Control:"no-cache, no-store, max-age=0, must-revalidate", Pragma:"no-cache", Expires:"0", X-Frame-Options:"DENY"]
     Content type = application/json
             Body = {"code":200,"message":"操作成功","data":true,"timestamp":1764734693174}
    Forwarded URL = null
   Redirected URL = null
          Cookies = []
]]></system-out>
  </testcase>
  <testcase name="testUnlikeArticle_Success" classname="点赞模块测试" time="0.004">
    <system-out><![CDATA[
MockHttpServletRequest:
      HTTP Method = DELETE
      Request URI = /api/likes/article/1
       Parameters = {}
          Headers = [Authorization:"Bearer eyJhbGciOiJIUzI1NiJ9.eyJ1c2VySWQiOjMsInJvbGUiOiJVU0VSIiwic3ViIjoidGVzdHVzZXIyIiwiaWF0IjoxNzY0NzM0NjkzLCJleHAiOjE3NjQ4MjEwOTN9.DR0FdSc0Is8j_h8H9Yy2EvisBdetHOEjxaj8tbUO5ZA"]
             Body = null
    Session Attrs = {}

Handler:
             Type = com.cuit.blog.controller.LikeController
           Method = com.cuit.blog.controller.LikeController#unlikeArticle(Long)

Async:
    Async started = false
     Async result = null

Resolved Exception:
             Type = null

ModelAndView:
        View name = null
             View = null
            Model = null

FlashMap:
       Attributes = null

MockHttpServletResponse:
           Status = 200
    Error message = null
          Headers = [Vary:"Origin", "Access-Control-Request-Method", "Access-Control-Request-Headers", Content-Type:"application/json", X-Content-Type-Options:"nosniff", X-XSS-Protection:"0", Cache-Control:"no-cache, no-store, max-age=0, must-revalidate", Pragma:"no-cache", Expires:"0", X-Frame-Options:"DENY"]
     Content type = application/json
             Body = {"code":200,"message":"操作成功","data":null,"timestamp":1764734693178}
    Forwarded URL = null
   Redirected URL = null
          Cookies = []
]]></system-out>
  </testcase>
  <testcase name="testGetMyLikedArticles" classname="点赞模块测试" time="0.009">
    <system-out><![CDATA[
MockHttpServletRequest:
      HTTP Method = GET
      Request URI = /api/likes/my
       Parameters = {pageNum=[1], pageSize=[10]}
          Headers = [Authorization:"Bearer eyJhbGciOiJIUzI1NiJ9.eyJ1c2VySWQiOjMsInJvbGUiOiJVU0VSIiwic3ViIjoidGVzdHVzZXIyIiwiaWF0IjoxNzY0NzM0NjkzLCJleHAiOjE3NjQ4MjEwOTN9.DR0FdSc0Is8j_h8H9Yy2EvisBdetHOEjxaj8tbUO5ZA"]
             Body = null
    Session Attrs = {}

Handler:
             Type = com.cuit.blog.controller.LikeController
           Method = com.cuit.blog.controller.LikeController#getMyLikedArticles(Integer, Integer)

Async:
    Async started = false
     Async result = null

Resolved Exception:
             Type = null

ModelAndView:
        View name = null
             View = null
            Model = null

FlashMap:
       Attributes = null

MockHttpServletResponse:
           Status = 200
    Error message = null
          Headers = [Vary:"Origin", "Access-Control-Request-Method", "Access-Control-Request-Headers", Content-Type:"application/json", X-Content-Type-Options:"nosniff", X-XSS-Protection:"0", Cache-Control:"no-cache, no-store, max-age=0, must-revalidate", Pragma:"no-cache", Expires:"0", X-Frame-Options:"DENY"]
     Content type = application/json
             Body = {"code":200,"message":"操作成功","data":{"pageNum":1,"pageSize":10,"total":2,"pages":1,"list":[{"id":1,"title":"第一篇测试文章","coverImage":null,"summary":"这是第一篇测试文章的摘要","category":{"id":1,"name":"Java","description":"Java编程相关","createdAt":null,"articleCount":null},"tags":[{"id":1,"name":"Spring Boot","createdAt":"2025-12-03T04:04:52"},{"id":4,"name":"SQLite","createdAt":"2025-12-03T04:04:52"}],"author":{"id":2,"username":"testuser1","nickname":"测试用户1","avatar":null},"createdAt":"2025-12-03T04:04:52","likedAt":"2025-12-03T04:04:52"},{"id":2,"title":"第二篇测试文章","coverImage":null,"summary":"Spring Boot入门教程","category":{"id":2,"name":"Spring","description":"Spring框架相关","createdAt":null,"articleCount":null},"tags":[{"id":1,"name":"Spring Boot","createdAt":"2025-12-03T04:04:52"},{"id":2,"name":"MyBatis","createdAt":"2025-12-03T04:04:52"}],"author":{"id":2,"username":"testuser1","nickname":"测试用户1","avatar":null},"createdAt":"2025-12-03T04:04:52","likedAt":"2025-12-03T04:04:52"}]},"timestamp":1764734693186}
    Forwarded URL = null
   Redirected URL = null
          Cookies = []
]]></system-out>
  </testcase>
  <testcase name="testLikeArticle_Duplicate" classname="点赞模块测试" time="0.008">
    <system-out><![CDATA[2025-12-03T12:04:53.195+08:00  WARN 81995 --- [cuit-my-blog-test] [           main] c.c.b.c.e.GlobalExceptionHandler         : 业务异常[5001]: 已经点赞过该文章

MockHttpServletRequest:
      HTTP Method = POST
      Request URI = /api/likes/article/3
       Parameters = {}
          Headers = [Authorization:"Bearer eyJhbGciOiJIUzI1NiJ9.eyJ1c2VySWQiOjIsInJvbGUiOiJVU0VSIiwic3ViIjoidGVzdHVzZXIxIiwiaWF0IjoxNzY0NzM0NjkzLCJleHAiOjE3NjQ4MjEwOTN9.HdmljmapxwMohNGADLEHi2bvDuJRrVTrfzb7DAF_wx4"]
             Body = null
    Session Attrs = {}

Handler:
             Type = com.cuit.blog.controller.LikeController
           Method = com.cuit.blog.controller.LikeController#likeArticle(Long)

Async:
    Async started = false
     Async result = null

Resolved Exception:
             Type = com.cuit.blog.common.exception.BusinessException

ModelAndView:
        View name = null
             View = null
            Model = null

FlashMap:
       Attributes = null

MockHttpServletResponse:
           Status = 200
    Error message = null
          Headers = [Vary:"Origin", "Access-Control-Request-Method", "Access-Control-Request-Headers", Content-Type:"application/json", X-Content-Type-Options:"nosniff", X-XSS-Protection:"0", Cache-Control:"no-cache, no-store, max-age=0, must-revalidate", Pragma:"no-cache", Expires:"0", X-Frame-Options:"DENY"]
     Content type = application/json
             Body = {"code":5001,"message":"已经点赞过该文章","data":null,"timestamp":1764734693195}
    Forwarded URL = null
   Redirected URL = null
          Cookies = []
]]></system-out>
  </testcase>
  <testcase name="testLikeArticle_Success" classname="点赞模块测试" time="0.004">
    <system-out><![CDATA[
MockHttpServletRequest:
      HTTP Method = POST
      Request URI = /api/likes/article/3
       Parameters = {}
          Headers = [Authorization:"Bearer eyJhbGciOiJIUzI1NiJ9.eyJ1c2VySWQiOjIsInJvbGUiOiJVU0VSIiwic3ViIjoidGVzdHVzZXIxIiwiaWF0IjoxNzY0NzM0NjkzLCJleHAiOjE3NjQ4MjEwOTN9.HdmljmapxwMohNGADLEHi2bvDuJRrVTrfzb7DAF_wx4"]
             Body = null
    Session Attrs = {}

Handler:
             Type = com.cuit.blog.controller.LikeController
           Method = com.cuit.blog.controller.LikeController#likeArticle(Long)

Async:
    Async started = false
     Async result = null

Resolved Exception:
             Type = null

ModelAndView:
        View name = null
             View = null
            Model = null

FlashMap:
       Attributes = null

MockHttpServletResponse:
           Status = 200
    Error message = null
          Headers = [Vary:"Origin", "Access-Control-Request-Method", "Access-Control-Request-Headers", Content-Type:"application/json", X-Content-Type-Options:"nosniff", X-XSS-Protection:"0", Cache-Control:"no-cache, no-store, max-age=0, must-revalidate", Pragma:"no-cache", Expires:"0", X-Frame-Options:"DENY"]
     Content type = application/json
             Body = {"code":200,"message":"操作成功","data":null,"timestamp":1764734693200}
    Forwarded URL = null
   Redirected URL = null
          Cookies = []
]]></system-out>
  </testcase>
  <testcase name="testUnlikeArticle_NotLiked" classname="点赞模块测试" time="0.006">
    <system-out><![CDATA[2025-12-03T12:04:53.205+08:00  WARN 81995 --- [cuit-my-blog-test] [           main] c.c.b.c.e.GlobalExceptionHandler         : 业务异常[5002]: 未点赞该文章

MockHttpServletRequest:
      HTTP Method = DELETE
      Request URI = /api/likes/article/3
       Parameters = {}
          Headers = [Authorization:"Bearer eyJhbGciOiJIUzI1NiJ9.eyJ1c2VySWQiOjIsInJvbGUiOiJVU0VSIiwic3ViIjoidGVzdHVzZXIxIiwiaWF0IjoxNzY0NzM0NjkzLCJleHAiOjE3NjQ4MjEwOTN9.HdmljmapxwMohNGADLEHi2bvDuJRrVTrfzb7DAF_wx4"]
             Body = null
    Session Attrs = {}

Handler:
             Type = com.cuit.blog.controller.LikeController
           Method = com.cuit.blog.controller.LikeController#unlikeArticle(Long)

Async:
    Async started = false
     Async result = null

Resolved Exception:
             Type = com.cuit.blog.common.exception.BusinessException

ModelAndView:
        View name = null
             View = null
            Model = null

FlashMap:
       Attributes = null

MockHttpServletResponse:
           Status = 200
    Error message = null
          Headers = [Vary:"Origin", "Access-Control-Request-Method", "Access-Control-Request-Headers", Content-Type:"application/json", X-Content-Type-Options:"nosniff", X-XSS-Protection:"0", Cache-Control:"no-cache, no-store, max-age=0, must-revalidate", Pragma:"no-cache", Expires:"0", X-Frame-Options:"DENY"]
     Content type = application/json
             Body = {"code":5002,"message":"未点赞该文章","data":null,"timestamp":1764734693205}
    Forwarded URL = null
   Redirected URL = null
          Cookies = []
]]></system-out>
  </testcase>
  <testcase name="testIsLiked_False" classname="点赞模块测试" time="0.003">
    <system-out><![CDATA[
MockHttpServletRequest:
      HTTP Method = GET
      Request URI = /api/likes/article/3/status
       Parameters = {}
          Headers = [Authorization:"Bearer eyJhbGciOiJIUzI1NiJ9.eyJ1c2VySWQiOjIsInJvbGUiOiJVU0VSIiwic3ViIjoidGVzdHVzZXIxIiwiaWF0IjoxNzY0NzM0NjkzLCJleHAiOjE3NjQ4MjEwOTN9.HdmljmapxwMohNGADLEHi2bvDuJRrVTrfzb7DAF_wx4"]
             Body = null
    Session Attrs = {}

Handler:
             Type = com.cuit.blog.controller.LikeController
           Method = com.cuit.blog.controller.LikeController#isLiked(Long)

Async:
    Async started = false
     Async result = null

Resolved Exception:
             Type = null

ModelAndView:
        View name = null
             View = null
            Model = null

FlashMap:
       Attributes = null

MockHttpServletResponse:
           Status = 200
    Error message = null
          Headers = [Vary:"Origin", "Access-Control-Request-Method", "Access-Control-Request-Headers", Content-Type:"application/json", X-Content-Type-Options:"nosniff", X-XSS-Protection:"0", Cache-Control:"no-cache, no-store, max-age=0, must-revalidate", Pragma:"no-cache", Expires:"0", X-Frame-Options:"DENY"]
     Content type = application/json
             Body = {"code":200,"message":"操作成功","data":false,"timestamp":1764734693209}
    Forwarded URL = null
   Redirected URL = null
          Cookies = []
]]></system-out>
  </testcase>
</testsuite>