<?xml version="1.0" encoding="UTF-8"?>
<testsuite xmlns:xsi="http://www.w3.org/2001/XMLSchema-instance" xsi:noNamespaceSchemaLocation="https://maven.apache.org/surefire/maven-surefire-plugin/xsd/surefire-test-report.xsd" version="3.0.2" name="com.cuit.blog.CuitMyBlogApplicationTests" time="2.019" tests="1" errors="0" skipped="0" failures="0">
  <properties>
[...]
</properties>
  <testcase name="contextLoads" classname="应用启动测试" time="0.366">
    <system-out><![CDATA[12:04:50.096 [main] INFO org.springframework.test.context.support.AnnotationConfigContextLoaderUtils -- Could not detect default configuration classes for test class [com.cuit.blog.CuitMyBlogApplicationTests]: CuitMyBlogApplicationTests does not declare any static, non-private, non-final, nested classes annotated with @Configuration.
12:04:50.141 [main] INFO org.springframework.boot.test.context.SpringBootTestContextBootstrapper -- Found @SpringBootConfiguration com.cuit.blog.CuitMyBlogApplication for test class com.cuit.blog.CuitMyBlogApplicationTests

  .   ____          _            __ _ _
 /\\ / ___'_ __ _ _(_)_ __  __ _ \ \ \ \
( ( )\___ | '_ | '_| | '_ \/ _` | \ \ \ \
 \\/  ___)| |_)| | | | | || (_| |  ) ) ) )
  '  |____| .__|_| |_|_| |_\__, | / / / /
 =========|_|==============|___/=/_/_/_/

 :: Spring Boot ::                (v3.5.7)

2025-12-03T12:04:50.283+08:00  INFO 81995 --- [cuit-my-blog-test] [           main] c.cuit.blog.CuitMyBlogApplicationTests   : Starting CuitMyBlogApplicationTests using Java 23.0.2 with PID 81995 (started by liujiajin in /Users/liujiajin/IdeaProjects/cuit-my-blog2/backend)
2025-12-03T12:04:50.283+08:00  INFO 81995 --- [cuit-my-blog-test] [           main] c.cuit.blog.CuitMyBlogApplicationTests   : The following 1 profile is active: "test"
2025-12-03T12:04:50.840+08:00  WARN 81995 --- [cuit-my-blog-test] [           main] c.b.m.core.injector.DefaultSqlInjector   : class com.cuit.blog.entity.ArticleTag ,Not found @TableId annotation, Cannot use Mybatis-Plus 'xxById' Method.
 _ _   |_  _ _|_. ___ _ |    _ 
| | |\/|_)(_| | |_\  |_)||_|_\ 
     /               |         
                        3.5.5 
2025-12-03T12:04:50.885+08:00  INFO 81995 --- [cuit-my-blog-test] [           main] com.zaxxer.hikari.HikariDataSource       : HikariPool-1 - Starting...
2025-12-03T12:04:51.152+08:00  INFO 81995 --- [cuit-my-blog-test] [           main] com.zaxxer.hikari.pool.HikariPool        : HikariPool-1 - Added connection org.sqlite.jdbc4.JDBC4Connection@bfb93cf
2025-12-03T12:04:51.153+08:00  INFO 81995 --- [cuit-my-blog-test] [           main] com.zaxxer.hikari.HikariDataSource       : HikariPool-1 - Start completed.
2025-12-03T12:04:51.439+08:00  INFO 81995 --- [cuit-my-blog-test] [           main] o.s.b.a.e.web.EndpointLinksResolver      : Exposing 1 endpoint beneath base path '/actuator'
2025-12-03T12:04:51.459+08:00  INFO 81995 --- [cuit-my-blog-test] [           main] r$InitializeUserDetailsManagerConfigurer : Global AuthenticationManager configured with UserDetailsService bean with name blogUserDetailsService
2025-12-03T12:04:51.656+08:00  INFO 81995 --- [cuit-my-blog-test] [           main] c.cuit.blog.CuitMyBlogApplicationTests   : Started CuitMyBlogApplicationTests in 1.466 seconds (process running for 1.982)
]]></system-out>
    <system-err><![CDATA[Mockito is currently self-attaching to enable the inline-mock-maker. This will no longer work in future releases of the JDK. Please add Mockito as an agent to your build as described in Mockito's documentation: https://javadoc.io/doc/org.mockito/mockito-core/latest/org.mockito/org/mockito/Mockito.html#0.3
WARNING: A Java agent has been loaded dynamically (/Users/liujiajin/.m2/repository/net/bytebuddy/byte-buddy-agent/1.17.8/byte-buddy-agent-1.17.8.jar)
WARNING: If a serviceability tool is in use, please run with -XX:+EnableDynamicAgentLoading to hide this warning
WARNING: If a serviceability tool is not in use, please run with -Djdk.instrument.traceUsage for more information
WARNING: Dynamic loading of agents will be disallowed by default in a future release
]]></system-err>
  </testcase>
</testsuite>