<?xml version="1.0" encoding="UTF-8"?>
<testsuite xmlns:xsi="http://www.w3.org/2001/XMLSchema-instance" xsi:noNamespaceSchemaLocation="https://maven.apache.org/surefire/maven-surefire-plugin/xsd/surefire-test-report.xsd" version="3.0.2" name="com.cuit.blog.controller.FavoriteControllerTest" time="0.046" tests="8" errors="0" skipped="0" failures="0">
  <properties>
[...]
</properties>
  <testcase name="testUncollectArticle_NotCollected" classname="收藏模块测试" time="0.006">
    <system-out><![CDATA[2025-12-03T11:48:42.049+08:00  INFO 77223 --- [cuit-my-blog-test] [           main] t.c.s.AnnotationConfigContextLoaderUtils : Could not detect default configuration classes for test class [com.cuit.blog.controller.FavoriteControllerTest]: FavoriteControllerTest does not declare any static, non-private, non-final, nested classes annotated with @Configuration.
2025-12-03T11:48:42.050+08:00  INFO 77223 --- [cuit-my-blog-test] [           main] .b.t.c.SpringBootTestContextBootstrapper : Found @SpringBootConfiguration com.cuit.blog.CuitMyBlogApplication for test class com.cuit.blog.controller.FavoriteControllerTest
2025-12-03T11:48:42.054+08:00  WARN 77223 --- [cuit-my-blog-test] [           main] c.c.b.c.e.GlobalExceptionHandler         : 业务异常[5004]: 未收藏该文章

MockHttpServletRequest:
      HTTP Method = DELETE
      Request URI = /api/favorites/article/2
       Parameters = {}
          Headers = [Authorization:"Bearer eyJhbGciOiJIUzI1NiJ9.eyJ1c2VySWQiOjIsInJvbGUiOiJVU0VSIiwic3ViIjoidGVzdHVzZXIxIiwiaWF0IjoxNzY0NzMzNzIyLCJleHAiOjE3NjQ4MjAxMjJ9.IdE764u5qtcLG99tGW_agEJac8qsxVsczvtqnRVRyFo"]
             Body = null
    Session Attrs = {}

Handler:
             Type = com.cuit.blog.controller.FavoriteController
           Method = com.cuit.blog.controller.FavoriteController#uncollectArticle(Long)

Async:
    Async started = false
     Async result = null

Resolved Exception:
             Type = com.cuit.blog.common.exception.BusinessException

ModelAndView:
        View name = null
             View = null
            Model = null

FlashMap:
       Attributes = null

MockHttpServletResponse:
           Status = 200
    Error message = null
          Headers = [Vary:"Origin", "Access-Control-Request-Method", "Access-Control-Request-Headers", Content-Type:"application/json", X-Content-Type-Options:"nosniff", X-XSS-Protection:"0", Cache-Control:"no-cache, no-store, max-age=0, must-revalidate", Pragma:"no-cache", Expires:"0", X-Frame-Options:"DENY"]
     Content type = application/json
             Body = {"code":5004,"message":"未收藏该文章","data":null,"timestamp":1764733722054}
    Forwarded URL = null
   Redirected URL = null
          Cookies = []
]]></system-out>
  </testcase>
  <testcase name="testCollectArticle_Duplicate" classname="收藏模块测试" time="0.009">
    <system-out><![CDATA[2025-12-03T11:48:42.063+08:00  WARN 77223 --- [cuit-my-blog-test] [           main] c.c.b.c.e.GlobalExceptionHandler         : 业务异常[5003]: 已经收藏过该文章

MockHttpServletRequest:
      HTTP Method = POST
      Request URI = /api/favorites/article/4
       Parameters = {}
          Headers = [Authorization:"Bearer eyJhbGciOiJIUzI1NiJ9.eyJ1c2VySWQiOjIsInJvbGUiOiJVU0VSIiwic3ViIjoidGVzdHVzZXIxIiwiaWF0IjoxNzY0NzMzNzIyLCJleHAiOjE3NjQ4MjAxMjJ9.IdE764u5qtcLG99tGW_agEJac8qsxVsczvtqnRVRyFo"]
             Body = null
    Session Attrs = {}

Handler:
             Type = com.cuit.blog.controller.FavoriteController
           Method = com.cuit.blog.controller.FavoriteController#collectArticle(Long)

Async:
    Async started = false
     Async result = null

Resolved Exception:
             Type = com.cuit.blog.common.exception.BusinessException

ModelAndView:
        View name = null
             View = null
            Model = null

FlashMap:
       Attributes = null

MockHttpServletResponse:
           Status = 200
    Error message = null
          Headers = [Vary:"Origin", "Access-Control-Request-Method", "Access-Control-Request-Headers", Content-Type:"application/json", X-Content-Type-Options:"nosniff", X-XSS-Protection:"0", Cache-Control:"no-cache, no-store, max-age=0, must-revalidate", Pragma:"no-cache", Expires:"0", X-Frame-Options:"DENY"]
     Content type = application/json
             Body = {"code":5003,"message":"已经收藏过该文章","data":null,"timestamp":1764733722063}
    Forwarded URL = null
   Redirected URL = null
          Cookies = []
]]></system-out>
  </testcase>
  <testcase name="testIsCollected_True" classname="收藏模块测试" time="0.005">
    <system-out><![CDATA[
MockHttpServletRequest:
      HTTP Method = GET
      Request URI = /api/favorites/article/1/status
       Parameters = {}
          Headers = [Authorization:"Bearer eyJhbGciOiJIUzI1NiJ9.eyJ1c2VySWQiOjIsInJvbGUiOiJVU0VSIiwic3ViIjoidGVzdHVzZXIxIiwiaWF0IjoxNzY0NzMzNzIyLCJleHAiOjE3NjQ4MjAxMjJ9.IdE764u5qtcLG99tGW_agEJac8qsxVsczvtqnRVRyFo"]
             Body = null
    Session Attrs = {}

Handler:
             Type = com.cuit.blog.controller.FavoriteController
           Method = com.cuit.blog.controller.FavoriteController#isCollected(Long)

Async:
    Async started = false
     Async result = null

Resolved Exception:
             Type = null

ModelAndView:
        View name = null
             View = null
            Model = null

FlashMap:
       Attributes = null

MockHttpServletResponse:
           Status = 200
    Error message = null
          Headers = [Vary:"Origin", "Access-Control-Request-Method", "Access-Control-Request-Headers", Content-Type:"application/json", X-Content-Type-Options:"nosniff", X-XSS-Protection:"0", Cache-Control:"no-cache, no-store, max-age=0, must-revalidate", Pragma:"no-cache", Expires:"0", X-Frame-Options:"DENY"]
     Content type = application/json
             Body = {"code":200,"message":"操作成功","data":true,"timestamp":1764733722068}
    Forwarded URL = null
   Redirected URL = null
          Cookies = []
]]></system-out>
  </testcase>
  <testcase name="testGetMyFavoriteArticles" classname="收藏模块测试" time="0.008">
    <system-out><![CDATA[
MockHttpServletRequest:
      HTTP Method = GET
      Request URI = /api/favorites/my
       Parameters = {pageNum=[1], pageSize=[10]}
          Headers = [Authorization:"Bearer eyJhbGciOiJIUzI1NiJ9.eyJ1c2VySWQiOjIsInJvbGUiOiJVU0VSIiwic3ViIjoidGVzdHVzZXIxIiwiaWF0IjoxNzY0NzMzNzIyLCJleHAiOjE3NjQ4MjAxMjJ9.IdE764u5qtcLG99tGW_agEJac8qsxVsczvtqnRVRyFo"]
             Body = null
    Session Attrs = {}

Handler:
             Type = com.cuit.blog.controller.FavoriteController
           Method = com.cuit.blog.controller.FavoriteController#getMyFavoriteArticles(Integer, Integer)

Async:
    Async started = false
     Async result = null

Resolved Exception:
             Type = null

ModelAndView:
        View name = null
             View = null
            Model = null

FlashMap:
       Attributes = null

MockHttpServletResponse:
           Status = 200
    Error message = null
          Headers = [Vary:"Origin", "Access-Control-Request-Method", "Access-Control-Request-Headers", Content-Type:"application/json", X-Content-Type-Options:"nosniff", X-XSS-Protection:"0", Cache-Control:"no-cache, no-store, max-age=0, must-revalidate", Pragma:"no-cache", Expires:"0", X-Frame-Options:"DENY"]
     Content type = application/json
             Body = {"code":200,"message":"操作成功","data":{"pageNum":1,"pageSize":10,"total":2,"pages":1,"list":[{"id":1,"title":"第一篇测试文章","coverImage":null,"summary":"这是第一篇测试文章的摘要","category":{"id":1,"name":"Java","description":"Java编程相关","createdAt":null,"articleCount":null},"tags":[{"id":1,"name":"Spring Boot","createdAt":"2025-12-03T03:48:40"},{"id":4,"name":"SQLite","createdAt":"2025-12-03T03:48:40"}],"author":{"id":2,"username":"testuser1","nickname":"测试用户1","avatar":null},"createdAt":"2025-12-03T03:48:40","favoritedAt":"2025-12-03T03:48:40"},{"id":3,"title":"第三篇测试文章","coverImage":null,"summary":"Java基础教程","category":{"id":1,"name":"Java","description":"Java编程相关","createdAt":null,"articleCount":null},"tags":[{"id":4,"name":"SQLite","createdAt":"2025-12-03T03:48:40"}],"author":{"id":3,"username":"testuser2","nickname":"测试用户2","avatar":null},"createdAt":"2025-12-03T03:48:40","favoritedAt":"2025-12-03T03:48:40"}]},"timestamp":1764733722075}
    Forwarded URL = null
   Redirected URL = null
          Cookies = []
]]></system-out>
  </testcase>
  <testcase name="testIsCollected_False" classname="收藏模块测试" time="0.005">
    <system-out><![CDATA[
MockHttpServletRequest:
      HTTP Method = GET
      Request URI = /api/favorites/article/2/status
       Parameters = {}
          Headers = [Authorization:"Bearer eyJhbGciOiJIUzI1NiJ9.eyJ1c2VySWQiOjIsInJvbGUiOiJVU0VSIiwic3ViIjoidGVzdHVzZXIxIiwiaWF0IjoxNzY0NzMzNzIyLCJleHAiOjE3NjQ4MjAxMjJ9.IdE764u5qtcLG99tGW_agEJac8qsxVsczvtqnRVRyFo"]
             Body = null
    Session Attrs = {}

Handler:
             Type = com.cuit.blog.controller.FavoriteController
           Method = com.cuit.blog.controller.FavoriteController#isCollected(Long)

Async:
    Async started = false
     Async result = null

Resolved Exception:
             Type = null

ModelAndView:
        View name = null
             View = null
            Model = null

FlashMap:
       Attributes = null

MockHttpServletResponse:
           Status = 200
    Error message = null
          Headers = [Vary:"Origin", "Access-Control-Request-Method", "Access-Control-Request-Headers", Content-Type:"application/json", X-Content-Type-Options:"nosniff", X-XSS-Protection:"0", Cache-Control:"no-cache, no-store, max-age=0, must-revalidate", Pragma:"no-cache", Expires:"0", X-Frame-Options:"DENY"]
     Content type = application/json
             Body = {"code":200,"message":"操作成功","data":false,"timestamp":1764733722081}
    Forwarded URL = null
   Redirected URL = null
          Cookies = []
]]></system-out>
  </testcase>
  <testcase name="testCollectArticle_Success" classname="收藏模块测试" time="0.004">
    <system-out><![CDATA[
MockHttpServletRequest:
      HTTP Method = POST
      Request URI = /api/favorites/article/3
       Parameters = {}
          Headers = [Authorization:"Bearer eyJhbGciOiJIUzI1NiJ9.eyJ1c2VySWQiOjMsInJvbGUiOiJVU0VSIiwic3ViIjoidGVzdHVzZXIyIiwiaWF0IjoxNzY0NzMzNzIyLCJleHAiOjE3NjQ4MjAxMjJ9.2cuPrlaAPXsPJ030ldwKHZgTGXlGFtSEigIjRq5db7c"]
             Body = null
    Session Attrs = {}

Handler:
             Type = com.cuit.blog.controller.FavoriteController
           Method = com.cuit.blog.controller.FavoriteController#collectArticle(Long)

Async:
    Async started = false
     Async result = null

Resolved Exception:
             Type = null

ModelAndView:
        View name = null
             View = null
            Model = null

FlashMap:
       Attributes = null

MockHttpServletResponse:
           Status = 200
    Error message = null
          Headers = [Vary:"Origin", "Access-Control-Request-Method", "Access-Control-Request-Headers", Content-Type:"application/json", X-Content-Type-Options:"nosniff", X-XSS-Protection:"0", Cache-Control:"no-cache, no-store, max-age=0, must-revalidate", Pragma:"no-cache", Expires:"0", X-Frame-Options:"DENY"]
     Content type = application/json
             Body = {"code":200,"message":"操作成功","data":null,"timestamp":1764733722086}
    Forwarded URL = null
   Redirected URL = null
          Cookies = []
]]></system-out>
  </testcase>
  <testcase name="testUncollectArticle_Success" classname="收藏模块测试" time="0.004">
    <system-out><![CDATA[
MockHttpServletRequest:
      HTTP Method = DELETE
      Request URI = /api/favorites/article/1
       Parameters = {}
          Headers = [Authorization:"Bearer eyJhbGciOiJIUzI1NiJ9.eyJ1c2VySWQiOjIsInJvbGUiOiJVU0VSIiwic3ViIjoidGVzdHVzZXIxIiwiaWF0IjoxNzY0NzMzNzIyLCJleHAiOjE3NjQ4MjAxMjJ9.IdE764u5qtcLG99tGW_agEJac8qsxVsczvtqnRVRyFo"]
             Body = null
    Session Attrs = {}

Handler:
             Type = com.cuit.blog.controller.FavoriteController
           Method = com.cuit.blog.controller.FavoriteController#uncollectArticle(Long)

Async:
    Async started = false
     Async result = null

Resolved Exception:
             Type = null

ModelAndView:
        View name = null
             View = null
            Model = null

FlashMap:
       Attributes = null

MockHttpServletResponse:
           Status = 200
    Error message = null
          Headers = [Vary:"Origin", "Access-Control-Request-Method", "Access-Control-Request-Headers", Content-Type:"application/json", X-Content-Type-Options:"nosniff", X-XSS-Protection:"0", Cache-Control:"no-cache, no-store, max-age=0, must-revalidate", Pragma:"no-cache", Expires:"0", X-Frame-Options:"DENY"]
     Content type = application/json
             Body = {"code":200,"message":"操作成功","data":null,"timestamp":1764733722090}
    Forwarded URL = null
   Redirected URL = null
          Cookies = []
]]></system-out>
  </testcase>
  <testcase name="testGetFavoriteCount" classname="收藏模块测试" time="0.002">
    <system-out><![CDATA[
MockHttpServletRequest:
      HTTP Method = GET
      Request URI = /api/favorites/article/1/count
       Parameters = {}
          Headers = []
             Body = null
    Session Attrs = {}

Handler:
             Type = com.cuit.blog.controller.FavoriteController
           Method = com.cuit.blog.controller.FavoriteController#getFavoriteCount(Long)

Async:
    Async started = false
     Async result = null

Resolved Exception:
             Type = null

ModelAndView:
        View name = null
             View = null
            Model = null

FlashMap:
       Attributes = null

MockHttpServletResponse:
           Status = 200
    Error message = null
          Headers = [Vary:"Origin", "Access-Control-Request-Method", "Access-Control-Request-Headers", Content-Type:"application/json", X-Content-Type-Options:"nosniff", X-XSS-Protection:"0", Cache-Control:"no-cache, no-store, max-age=0, must-revalidate", Pragma:"no-cache", Expires:"0", X-Frame-Options:"DENY"]
     Content type = application/json
             Body = {"code":200,"message":"操作成功","data":2,"timestamp":1764733722093}
    Forwarded URL = null
   Redirected URL = null
          Cookies = []
]]></system-out>
  </testcase>
</testsuite>