<?xml version="1.0" encoding="UTF-8"?>
<testsuite xmlns:xsi="http://www.w3.org/2001/XMLSchema-instance" xsi:noNamespaceSchemaLocation="https://maven.apache.org/surefire/maven-surefire-plugin/xsd/surefire-test-report.xsd" version="3.0.2" name="com.cuit.blog.controller.ArticleControllerTest" time="0.122" tests="20" errors="0" skipped="0" failures="0">
  <properties>
[...]
</properties>
  <testcase name="testGetArticlesByCategory" classname="文章模块测试" time="0.006">
    <system-out><![CDATA[2025-12-03T12:04:53.238+08:00  INFO 81995 --- [cuit-my-blog-test] [           main] t.c.s.AnnotationConfigContextLoaderUtils : Could not detect default configuration classes for test class [com.cuit.blog.controller.ArticleControllerTest]: ArticleControllerTest does not declare any static, non-private, non-final, nested classes annotated with @Configuration.
2025-12-03T12:04:53.239+08:00  INFO 81995 --- [cuit-my-blog-test] [           main] .b.t.c.SpringBootTestContextBootstrapper : Found @SpringBootConfiguration com.cuit.blog.CuitMyBlogApplication for test class com.cuit.blog.controller.ArticleControllerTest

MockHttpServletRequest:
      HTTP Method = GET
      Request URI = /api/articles/category/1
       Parameters = {pageNum=[1], pageSize=[10]}
          Headers = []
             Body = null
    Session Attrs = {}

Handler:
             Type = com.cuit.blog.controller.ArticleController
           Method = com.cuit.blog.controller.ArticleController#getArticlesByCategory(Long, Integer, Integer)

Async:
    Async started = false
     Async result = null

Resolved Exception:
             Type = null

ModelAndView:
        View name = null
             View = null
            Model = null

FlashMap:
       Attributes = null

MockHttpServletResponse:
           Status = 200
    Error message = null
          Headers = [Vary:"Origin", "Access-Control-Request-Method", "Access-Control-Request-Headers", Content-Type:"application/json", X-Content-Type-Options:"nosniff", X-XSS-Protection:"0", Cache-Control:"no-cache, no-store, max-age=0, must-revalidate", Pragma:"no-cache", Expires:"0", X-Frame-Options:"DENY"]
     Content type = application/json
             Body = {"code":200,"message":"操作成功","data":{"pageNum":1,"pageSize":10,"total":2,"pages":1,"list":[{"id":1,"title":"第一篇测试文章","coverImage":null,"summary":"这是第一篇测试文章的摘要","category":{"id":1,"name":"Java","description":"Java编程相关","createdAt":"2025-12-03T04:04:52","articleCount":null},"tags":[{"id":1,"name":"Spring Boot","createdAt":"2025-12-03T04:04:52"},{"id":4,"name":"SQLite","createdAt":"2025-12-03T04:04:52"}],"author":{"id":2,"username":"testuser1","nickname":"测试用户1","avatar":null},"createdAt":"2025-12-03T04:04:52","updatedAt":"2025-12-03T04:04:52"},{"id":3,"title":"第三篇测试文章","coverImage":null,"summary":"Java基础教程","category":{"id":1,"name":"Java","description":"Java编程相关","createdAt":"2025-12-03T04:04:52","articleCount":null},"tags":[{"id":4,"name":"SQLite","createdAt":"2025-12-03T04:04:52"}],"author":{"id":3,"username":"testuser2","nickname":"测试用户2","avatar":null},"createdAt":"2025-12-03T04:04:52","updatedAt":"2025-12-03T04:04:52"}]},"timestamp":1764734693244}
    Forwarded URL = null
   Redirected URL = null
          Cookies = []
]]></system-out>
  </testcase>
  <testcase name="testGetArticleList_CustomPagination" classname="文章模块测试" time="0.008">
    <system-out><![CDATA[
MockHttpServletRequest:
      HTTP Method = GET
      Request URI = /api/articles
       Parameters = {pageNum=[1], pageSize=[5]}
          Headers = []
             Body = null
    Session Attrs = {}

Handler:
             Type = com.cuit.blog.controller.ArticleController
           Method = com.cuit.blog.controller.ArticleController#getArticleList(ArticleQueryRequest)

Async:
    Async started = false
     Async result = null

Resolved Exception:
             Type = null

ModelAndView:
        View name = null
             View = null
            Model = null

FlashMap:
       Attributes = null

MockHttpServletResponse:
           Status = 200
    Error message = null
          Headers = [Vary:"Origin", "Access-Control-Request-Method", "Access-Control-Request-Headers", Content-Type:"application/json", X-Content-Type-Options:"nosniff", X-XSS-Protection:"0", Cache-Control:"no-cache, no-store, max-age=0, must-revalidate", Pragma:"no-cache", Expires:"0", X-Frame-Options:"DENY"]
     Content type = application/json
             Body = {"code":200,"message":"操作成功","data":{"pageNum":1,"pageSize":5,"total":5,"pages":1,"list":[{"id":5,"title":"前端性能实践","coverImage":null,"summary":"全文搜索进阶指南","category":{"id":3,"name":"前端","description":"前端开发技术","createdAt":"2025-12-03T04:04:52","articleCount":null},"tags":[{"id":3,"name":"Vue.js","createdAt":"2025-12-03T04:04:52"}],"author":{"id":2,"username":"testuser1","nickname":"测试用户1","avatar":null},"createdAt":"2025-12-03T04:04:52","updatedAt":"2025-12-03T04:04:52"},{"id":4,"title":"管理员专属文章","coverImage":null,"summary":"管理员自己的文章","category":{"id":2,"name":"Spring","description":"Spring框架相关","createdAt":"2025-12-03T04:04:52","articleCount":null},"tags":[{"id":2,"name":"MyBatis","createdAt":"2025-12-03T04:04:52"}],"author":{"id":4,"username":"admin_mgr","nickname":"管理员2号","avatar":null},"createdAt":"2025-12-03T04:04:52","updatedAt":"2025-12-03T04:04:52"},{"id":3,"title":"第三篇测试文章","coverImage":null,"summary":"Java基础教程","category":{"id":1,"name":"Java","description":"Java编程相关","createdAt":"2025-12-03T04:04:52","articleCount":null},"tags":[{"id":4,"name":"SQLite","createdAt":"2025-12-03T04:04:52"}],"author":{"id":3,"username":"testuser2","nickname":"测试用户2","avatar":null},"createdAt":"2025-12-03T04:04:52","updatedAt":"2025-12-03T04:04:52"},{"id":2,"title":"第二篇测试文章","coverImage":null,"summary":"Spring Boot入门教程","category":{"id":2,"name":"Spring","description":"Spring框架相关","createdAt":"2025-12-03T04:04:52","articleCount":null},"tags":[{"id":1,"name":"Spring Boot","createdAt":"2025-12-03T04:04:52"},{"id":2,"name":"MyBatis","createdAt":"2025-12-03T04:04:52"}],"author":{"id":2,"username":"testuser1","nickname":"测试用户1","avatar":null},"createdAt":"2025-12-03T04:04:52","updatedAt":"2025-12-03T04:04:52"},{"id":1,"title":"第一篇测试文章","coverImage":null,"summary":"这是第一篇测试文章的摘要","category":{"id":1,"name":"Java","description":"Java编程相关","createdAt":"2025-12-03T04:04:52","articleCount":null},"tags":[{"id":1,"name":"Spring Boot","createdAt":"2025-12-03T04:04:52"},{"id":4,"name":"SQLite","createdAt":"2025-12-03T04:04:52"}],"author":{"id":2,"username":"testuser1","nickname":"测试用户1","avatar":null},"createdAt":"2025-12-03T04:04:52","updatedAt":"2025-12-03T04:04:52"}]},"timestamp":1764734693252}
    Forwarded URL = null
   Redirected URL = null
          Cookies = []
]]></system-out>
  </testcase>
  <testcase name="testCreateArticle_TitleEmpty" classname="文章模块测试" time="0.005">
    <system-out><![CDATA[2025-12-03T12:04:53.258+08:00 ERROR 81995 --- [cuit-my-blog-test] [           main] c.c.b.c.e.GlobalExceptionHandler         : 参数校验失败: title: 文章标题不能为空

MockHttpServletRequest:
      HTTP Method = POST
      Request URI = /api/articles
       Parameters = {}
          Headers = [Content-Type:"application/json;charset=UTF-8", Authorization:"Bearer eyJhbGciOiJIUzI1NiJ9.eyJ1c2VySWQiOjIsInJvbGUiOiJVU0VSIiwic3ViIjoidGVzdHVzZXIxIiwiaWF0IjoxNzY0NzM0NjkzLCJleHAiOjE3NjQ4MjEwOTN9.HdmljmapxwMohNGADLEHi2bvDuJRrVTrfzb7DAF_wx4", Content-Length:"99"]
             Body = {"title":"","content":"文章内容","categoryId":1,"tagIds":null,"coverImage":null,"summary":null}
    Session Attrs = {}

Handler:
             Type = com.cuit.blog.controller.ArticleController
           Method = com.cuit.blog.controller.ArticleController#createArticle(ArticleCreateRequest)

Async:
    Async started = false
     Async result = null

Resolved Exception:
             Type = org.springframework.web.bind.MethodArgumentNotValidException

ModelAndView:
        View name = null
             View = null
            Model = null

FlashMap:
       Attributes = null

MockHttpServletResponse:
           Status = 400
    Error message = null
          Headers = [Vary:"Origin", "Access-Control-Request-Method", "Access-Control-Request-Headers", Content-Type:"application/json", X-Content-Type-Options:"nosniff", X-XSS-Protection:"0", Cache-Control:"no-cache, no-store, max-age=0, must-revalidate", Pragma:"no-cache", Expires:"0", X-Frame-Options:"DENY"]
     Content type = application/json
             Body = {"code":400,"message":"title: 文章标题不能为空","data":null,"timestamp":1764734693258}
    Forwarded URL = null
   Redirected URL = null
          Cookies = []
]]></system-out>
  </testcase>
  <testcase name="testDeleteArticle_AdminCannotDeleteAnotherAdmin" classname="文章模块测试" time="0.004">
    <system-out><![CDATA[2025-12-03T12:04:53.262+08:00  WARN 81995 --- [cuit-my-blog-test] [           main] c.c.b.c.e.GlobalExceptionHandler         : 业务异常[403]: 没有相关权限

MockHttpServletRequest:
      HTTP Method = DELETE
      Request URI = /api/articles/4
       Parameters = {}
          Headers = [Authorization:"Bearer eyJhbGciOiJIUzI1NiJ9.eyJ1c2VySWQiOjEsInJvbGUiOiJBRE1JTiIsInN1YiI6ImFkbWluIiwiaWF0IjoxNzY0NzM0NjkzLCJleHAiOjE3NjQ4MjEwOTN9.ziMrizJ8HuOb1xE7FR3vckMvGbvsYp6U8dj50LKBcvg"]
             Body = null
    Session Attrs = {}

Handler:
             Type = com.cuit.blog.controller.ArticleController
           Method = com.cuit.blog.controller.ArticleController#deleteArticle(Long)

Async:
    Async started = false
     Async result = null

Resolved Exception:
             Type = com.cuit.blog.common.exception.BusinessException

ModelAndView:
        View name = null
             View = null
            Model = null

FlashMap:
       Attributes = null

MockHttpServletResponse:
           Status = 200
    Error message = null
          Headers = [Vary:"Origin", "Access-Control-Request-Method", "Access-Control-Request-Headers", Content-Type:"application/json", X-Content-Type-Options:"nosniff", X-XSS-Protection:"0", Cache-Control:"no-cache, no-store, max-age=0, must-revalidate", Pragma:"no-cache", Expires:"0", X-Frame-Options:"DENY"]
     Content type = application/json
             Body = {"code":403,"message":"没有相关权限","data":null,"timestamp":1764734693262}
    Forwarded URL = null
   Redirected URL = null
          Cookies = []
]]></system-out>
  </testcase>
  <testcase name="testGetArticleList_SearchByKeyword" classname="文章模块测试" time="0.009">
    <system-out><![CDATA[
MockHttpServletRequest:
      HTTP Method = GET
      Request URI = /api/articles
       Parameters = {keyword=[测试]}
          Headers = []
             Body = null
    Session Attrs = {}

Handler:
             Type = com.cuit.blog.controller.ArticleController
           Method = com.cuit.blog.controller.ArticleController#getArticleList(ArticleQueryRequest)

Async:
    Async started = false
     Async result = null

Resolved Exception:
             Type = null

ModelAndView:
        View name = null
             View = null
            Model = null

FlashMap:
       Attributes = null

MockHttpServletResponse:
           Status = 200
    Error message = null
          Headers = [Vary:"Origin", "Access-Control-Request-Method", "Access-Control-Request-Headers", Content-Type:"application/json", X-Content-Type-Options:"nosniff", X-XSS-Protection:"0", Cache-Control:"no-cache, no-store, max-age=0, must-revalidate", Pragma:"no-cache", Expires:"0", X-Frame-Options:"DENY"]
     Content type = application/json
             Body = {"code":200,"message":"操作成功","data":{"pageNum":1,"pageSize":10,"total":3,"pages":1,"list":[{"id":3,"title":"第三篇测试文章","coverImage":null,"summary":"Java基础教程","category":{"id":1,"name":"Java","description":"Java编程相关","createdAt":"2025-12-03T04:04:52","articleCount":null},"tags":[{"id":4,"name":"SQLite","createdAt":"2025-12-03T04:04:52"}],"author":{"id":3,"username":"testuser2","nickname":"测试用户2","avatar":null},"createdAt":"2025-12-03T04:04:52","updatedAt":"2025-12-03T04:04:52"},{"id":2,"title":"第二篇测试文章","coverImage":null,"summary":"Spring Boot入门教程","category":{"id":2,"name":"Spring","description":"Spring框架相关","createdAt":"2025-12-03T04:04:52","articleCount":null},"tags":[{"id":1,"name":"Spring Boot","createdAt":"2025-12-03T04:04:52"},{"id":2,"name":"MyBatis","createdAt":"2025-12-03T04:04:52"}],"author":{"id":2,"username":"testuser1","nickname":"测试用户1","avatar":null},"createdAt":"2025-12-03T04:04:52","updatedAt":"2025-12-03T04:04:52"},{"id":1,"title":"第一篇测试文章","coverImage":null,"summary":"这是第一篇测试文章的摘要","category":{"id":1,"name":"Java","description":"Java编程相关","createdAt":"2025-12-03T04:04:52","articleCount":null},"tags":[{"id":1,"name":"Spring Boot","createdAt":"2025-12-03T04:04:52"},{"id":4,"name":"SQLite","createdAt":"2025-12-03T04:04:52"}],"author":{"id":2,"username":"testuser1","nickname":"测试用户1","avatar":null},"createdAt":"2025-12-03T04:04:52","updatedAt":"2025-12-03T04:04:52"}]},"timestamp":1764734693271}
    Forwarded URL = null
   Redirected URL = null
          Cookies = []
]]></system-out>
  </testcase>
  <testcase name="testUpdateArticle_Success" classname="文章模块测试" time="0.005">
    <system-out><![CDATA[
MockHttpServletRequest:
      HTTP Method = PUT
      Request URI = /api/articles/1
       Parameters = {}
          Headers = [Content-Type:"application/json;charset=UTF-8", Authorization:"Bearer eyJhbGciOiJIUzI1NiJ9.eyJ1c2VySWQiOjIsInJvbGUiOiJVU0VSIiwic3ViIjoidGVzdHVzZXIxIiwiaWF0IjoxNzY0NzM0NjkzLCJleHAiOjE3NjQ4MjEwOTN9.HdmljmapxwMohNGADLEHi2bvDuJRrVTrfzb7DAF_wx4", Content-Length:"123"]
             Body = {"title":"更新后的标题","content":"更新后的内容","categoryId":2,"tagIds":null,"coverImage":null,"summary":null}
    Session Attrs = {}

Handler:
             Type = com.cuit.blog.controller.ArticleController
           Method = com.cuit.blog.controller.ArticleController#updateArticle(Long, ArticleUpdateRequest)

Async:
    Async started = false
     Async result = null

Resolved Exception:
             Type = null

ModelAndView:
        View name = null
             View = null
            Model = null

FlashMap:
       Attributes = null

MockHttpServletResponse:
           Status = 200
    Error message = null
          Headers = [Vary:"Origin", "Access-Control-Request-Method", "Access-Control-Request-Headers", Content-Type:"application/json", X-Content-Type-Options:"nosniff", X-XSS-Protection:"0", Cache-Control:"no-cache, no-store, max-age=0, must-revalidate", Pragma:"no-cache", Expires:"0", X-Frame-Options:"DENY"]
     Content type = application/json
             Body = {"code":200,"message":"操作成功","data":{"id":1,"title":"更新后的标题","content":"更新后的内容","coverImage":null,"summary":"这是第一篇测试文章的摘要","category":{"id":2,"name":"Spring","description":"Spring框架相关","createdAt":"2025-12-03T04:04:52","articleCount":null},"tags":[{"id":1,"name":"Spring Boot","createdAt":"2025-12-03T04:04:52"},{"id":4,"name":"SQLite","createdAt":"2025-12-03T04:04:52"}],"author":{"id":2,"username":"testuser1","nickname":"测试用户1","avatar":null},"createdAt":"2025-12-03T04:04:52","updatedAt":"2025-12-03T04:04:52"},"timestamp":1764734693277}
    Forwarded URL = null
   Redirected URL = null
          Cookies = []
]]></system-out>
  </testcase>
  <testcase name="testGetArticlesByTag" classname="文章模块测试" time="0.007">
    <system-out><![CDATA[
MockHttpServletRequest:
      HTTP Method = GET
      Request URI = /api/articles/tag/1
       Parameters = {pageNum=[1], pageSize=[10]}
          Headers = []
             Body = null
    Session Attrs = {}

Handler:
             Type = com.cuit.blog.controller.ArticleController
           Method = com.cuit.blog.controller.ArticleController#getArticlesByTag(Long, Integer, Integer)

Async:
    Async started = false
     Async result = null

Resolved Exception:
             Type = null

ModelAndView:
        View name = null
             View = null
            Model = null

FlashMap:
       Attributes = null

MockHttpServletResponse:
           Status = 200
    Error message = null
          Headers = [Vary:"Origin", "Access-Control-Request-Method", "Access-Control-Request-Headers", Content-Type:"application/json", X-Content-Type-Options:"nosniff", X-XSS-Protection:"0", Cache-Control:"no-cache, no-store, max-age=0, must-revalidate", Pragma:"no-cache", Expires:"0", X-Frame-Options:"DENY"]
     Content type = application/json
             Body = {"code":200,"message":"操作成功","data":{"pageNum":1,"pageSize":10,"total":2,"pages":1,"list":[{"id":1,"title":"第一篇测试文章","coverImage":null,"summary":"这是第一篇测试文章的摘要","category":{"id":1,"name":"Java","description":"Java编程相关","createdAt":"2025-12-03T04:04:52","articleCount":null},"tags":[{"id":1,"name":"Spring Boot","createdAt":"2025-12-03T04:04:52"},{"id":4,"name":"SQLite","createdAt":"2025-12-03T04:04:52"}],"author":{"id":2,"username":"testuser1","nickname":"测试用户1","avatar":null},"createdAt":"2025-12-03T04:04:52","updatedAt":"2025-12-03T04:04:52"},{"id":2,"title":"第二篇测试文章","coverImage":null,"summary":"Spring Boot入门教程","category":{"id":2,"name":"Spring","description":"Spring框架相关","createdAt":"2025-12-03T04:04:52","articleCount":null},"tags":[{"id":1,"name":"Spring Boot","createdAt":"2025-12-03T04:04:52"},{"id":2,"name":"MyBatis","createdAt":"2025-12-03T04:04:52"}],"author":{"id":2,"username":"testuser1","nickname":"测试用户1","avatar":null},"createdAt":"2025-12-03T04:04:52","updatedAt":"2025-12-03T04:04:52"}]},"timestamp":1764734693284}
    Forwarded URL = null
   Redirected URL = null
          Cookies = []
]]></system-out>
  </testcase>
  <testcase name="testGetArticleList_DefaultPagination" classname="文章模块测试" time="0.006">
    <system-out><![CDATA[
MockHttpServletRequest:
      HTTP Method = GET
      Request URI = /api/articles
       Parameters = {}
          Headers = []
             Body = null
    Session Attrs = {}

Handler:
             Type = com.cuit.blog.controller.ArticleController
           Method = com.cuit.blog.controller.ArticleController#getArticleList(ArticleQueryRequest)

Async:
    Async started = false
     Async result = null

Resolved Exception:
             Type = null

ModelAndView:
        View name = null
             View = null
            Model = null

FlashMap:
       Attributes = null

MockHttpServletResponse:
           Status = 200
    Error message = null
          Headers = [Vary:"Origin", "Access-Control-Request-Method", "Access-Control-Request-Headers", Content-Type:"application/json", X-Content-Type-Options:"nosniff", X-XSS-Protection:"0", Cache-Control:"no-cache, no-store, max-age=0, must-revalidate", Pragma:"no-cache", Expires:"0", X-Frame-Options:"DENY"]
     Content type = application/json
             Body = {"code":200,"message":"操作成功","data":{"pageNum":1,"pageSize":10,"total":5,"pages":1,"list":[{"id":5,"title":"前端性能实践","coverImage":null,"summary":"全文搜索进阶指南","category":{"id":3,"name":"前端","description":"前端开发技术","createdAt":"2025-12-03T04:04:52","articleCount":null},"tags":[{"id":3,"name":"Vue.js","createdAt":"2025-12-03T04:04:52"}],"author":{"id":2,"username":"testuser1","nickname":"测试用户1","avatar":null},"createdAt":"2025-12-03T04:04:52","updatedAt":"2025-12-03T04:04:52"},{"id":4,"title":"管理员专属文章","coverImage":null,"summary":"管理员自己的文章","category":{"id":2,"name":"Spring","description":"Spring框架相关","createdAt":"2025-12-03T04:04:52","articleCount":null},"tags":[{"id":2,"name":"MyBatis","createdAt":"2025-12-03T04:04:52"}],"author":{"id":4,"username":"admin_mgr","nickname":"管理员2号","avatar":null},"createdAt":"2025-12-03T04:04:52","updatedAt":"2025-12-03T04:04:52"},{"id":3,"title":"第三篇测试文章","coverImage":null,"summary":"Java基础教程","category":{"id":1,"name":"Java","description":"Java编程相关","createdAt":"2025-12-03T04:04:52","articleCount":null},"tags":[{"id":4,"name":"SQLite","createdAt":"2025-12-03T04:04:52"}],"author":{"id":3,"username":"testuser2","nickname":"测试用户2","avatar":null},"createdAt":"2025-12-03T04:04:52","updatedAt":"2025-12-03T04:04:52"},{"id":2,"title":"第二篇测试文章","coverImage":null,"summary":"Spring Boot入门教程","category":{"id":2,"name":"Spring","description":"Spring框架相关","createdAt":"2025-12-03T04:04:52","articleCount":null},"tags":[{"id":1,"name":"Spring Boot","createdAt":"2025-12-03T04:04:52"},{"id":2,"name":"MyBatis","createdAt":"2025-12-03T04:04:52"}],"author":{"id":2,"username":"testuser1","nickname":"测试用户1","avatar":null},"createdAt":"2025-12-03T04:04:52","updatedAt":"2025-12-03T04:04:52"},{"id":1,"title":"第一篇测试文章","coverImage":null,"summary":"这是第一篇测试文章的摘要","category":{"id":1,"name":"Java","description":"Java编程相关","createdAt":"2025-12-03T04:04:52","articleCount":null},"tags":[{"id":1,"name":"Spring Boot","createdAt":"2025-12-03T04:04:52"},{"id":4,"name":"SQLite","createdAt":"2025-12-03T04:04:52"}],"author":{"id":2,"username":"testuser1","nickname":"测试用户1","avatar":null},"createdAt":"2025-12-03T04:04:52","updatedAt":"2025-12-03T04:04:52"}]},"timestamp":1764734693292}
    Forwarded URL = null
   Redirected URL = null
          Cookies = []
]]></system-out>
  </testcase>
  <testcase name="testGetArticleById_NotFound" classname="文章模块测试" time="0.003">
    <system-out><![CDATA[2025-12-03T12:04:53.296+08:00  WARN 81995 --- [cuit-my-blog-test] [           main] c.c.b.c.e.GlobalExceptionHandler         : 业务异常[2001]: 文章不存在

MockHttpServletRequest:
      HTTP Method = GET
      Request URI = /api/articles/9999
       Parameters = {}
          Headers = []
             Body = null
    Session Attrs = {}

Handler:
             Type = com.cuit.blog.controller.ArticleController
           Method = com.cuit.blog.controller.ArticleController#getArticleById(Long)

Async:
    Async started = false
     Async result = null

Resolved Exception:
             Type = com.cuit.blog.common.exception.BusinessException

ModelAndView:
        View name = null
             View = null
            Model = null

FlashMap:
       Attributes = null

MockHttpServletResponse:
           Status = 200
    Error message = null
          Headers = [Vary:"Origin", "Access-Control-Request-Method", "Access-Control-Request-Headers", Content-Type:"application/json", X-Content-Type-Options:"nosniff", X-XSS-Protection:"0", Cache-Control:"no-cache, no-store, max-age=0, must-revalidate", Pragma:"no-cache", Expires:"0", X-Frame-Options:"DENY"]
     Content type = application/json
             Body = {"code":2001,"message":"文章不存在","data":null,"timestamp":1764734693296}
    Forwarded URL = null
   Redirected URL = null
          Cookies = []
]]></system-out>
  </testcase>
  <testcase name="testGetArticleList_SearchBySummaryKeyword" classname="文章模块测试" time="0.007">
    <system-out><![CDATA[
MockHttpServletRequest:
      HTTP Method = GET
      Request URI = /api/articles
       Parameters = {keyword=[全文搜索]}
          Headers = []
             Body = null
    Session Attrs = {}

Handler:
             Type = com.cuit.blog.controller.ArticleController
           Method = com.cuit.blog.controller.ArticleController#getArticleList(ArticleQueryRequest)

Async:
    Async started = false
     Async result = null

Resolved Exception:
             Type = null

ModelAndView:
        View name = null
             View = null
            Model = null

FlashMap:
       Attributes = null

MockHttpServletResponse:
           Status = 200
    Error message = null
          Headers = [Vary:"Origin", "Access-Control-Request-Method", "Access-Control-Request-Headers", Content-Type:"application/json", X-Content-Type-Options:"nosniff", X-XSS-Protection:"0", Cache-Control:"no-cache, no-store, max-age=0, must-revalidate", Pragma:"no-cache", Expires:"0", X-Frame-Options:"DENY"]
     Content type = application/json
             Body = {"code":200,"message":"操作成功","data":{"pageNum":1,"pageSize":10,"total":1,"pages":1,"list":[{"id":5,"title":"前端性能实践","coverImage":null,"summary":"全文搜索进阶指南","category":{"id":3,"name":"前端","description":"前端开发技术","createdAt":"2025-12-03T04:04:52","articleCount":null},"tags":[{"id":3,"name":"Vue.js","createdAt":"2025-12-03T04:04:52"}],"author":{"id":2,"username":"testuser1","nickname":"测试用户1","avatar":null},"createdAt":"2025-12-03T04:04:52","updatedAt":"2025-12-03T04:04:52"}]},"timestamp":1764734693302}
    Forwarded URL = null
   Redirected URL = null
          Cookies = []
]]></system-out>
  </testcase>
  <testcase name="testDeleteArticle_ByAdmin" classname="文章模块测试" time="0.004">
    <system-out><![CDATA[
MockHttpServletRequest:
      HTTP Method = DELETE
      Request URI = /api/articles/1
       Parameters = {}
          Headers = [Authorization:"Bearer eyJhbGciOiJIUzI1NiJ9.eyJ1c2VySWQiOjEsInJvbGUiOiJBRE1JTiIsInN1YiI6ImFkbWluIiwiaWF0IjoxNzY0NzM0NjkzLCJleHAiOjE3NjQ4MjEwOTN9.ziMrizJ8HuOb1xE7FR3vckMvGbvsYp6U8dj50LKBcvg"]
             Body = null
    Session Attrs = {}

Handler:
             Type = com.cuit.blog.controller.ArticleController
           Method = com.cuit.blog.controller.ArticleController#deleteArticle(Long)

Async:
    Async started = false
     Async result = null

Resolved Exception:
             Type = null

ModelAndView:
        View name = null
             View = null
            Model = null

FlashMap:
       Attributes = null

MockHttpServletResponse:
           Status = 200
    Error message = null
          Headers = [Vary:"Origin", "Access-Control-Request-Method", "Access-Control-Request-Headers", Content-Type:"application/json", X-Content-Type-Options:"nosniff", X-XSS-Protection:"0", Cache-Control:"no-cache, no-store, max-age=0, must-revalidate", Pragma:"no-cache", Expires:"0", X-Frame-Options:"DENY"]
     Content type = application/json
             Body = {"code":200,"message":"操作成功","data":null,"timestamp":1764734693308}
    Forwarded URL = null
   Redirected URL = null
          Cookies = []
]]></system-out>
  </testcase>
  <testcase name="testGetArticleList_SearchWithTagFilter" classname="文章模块测试" time="0.005">
    <system-out><![CDATA[
MockHttpServletRequest:
      HTTP Method = GET
      Request URI = /api/articles
       Parameters = {keyword=[Spring], tagId=[1]}
          Headers = []
             Body = null
    Session Attrs = {}

Handler:
             Type = com.cuit.blog.controller.ArticleController
           Method = com.cuit.blog.controller.ArticleController#getArticleList(ArticleQueryRequest)

Async:
    Async started = false
     Async result = null

Resolved Exception:
             Type = null

ModelAndView:
        View name = null
             View = null
            Model = null

FlashMap:
       Attributes = null

MockHttpServletResponse:
           Status = 200
    Error message = null
          Headers = [Vary:"Origin", "Access-Control-Request-Method", "Access-Control-Request-Headers", Content-Type:"application/json", X-Content-Type-Options:"nosniff", X-XSS-Protection:"0", Cache-Control:"no-cache, no-store, max-age=0, must-revalidate", Pragma:"no-cache", Expires:"0", X-Frame-Options:"DENY"]
     Content type = application/json
             Body = {"code":200,"message":"操作成功","data":{"pageNum":1,"pageSize":10,"total":1,"pages":1,"list":[{"id":2,"title":"第二篇测试文章","coverImage":null,"summary":"Spring Boot入门教程","category":{"id":2,"name":"Spring","description":"Spring框架相关","createdAt":"2025-12-03T04:04:52","articleCount":null},"tags":[{"id":1,"name":"Spring Boot","createdAt":"2025-12-03T04:04:52"},{"id":2,"name":"MyBatis","createdAt":"2025-12-03T04:04:52"}],"author":{"id":2,"username":"testuser1","nickname":"测试用户1","avatar":null},"createdAt":"2025-12-03T04:04:52","updatedAt":"2025-12-03T04:04:52"}]},"timestamp":1764734693314}
    Forwarded URL = null
   Redirected URL = null
          Cookies = []
]]></system-out>
  </testcase>
  <testcase name="testDeleteArticle_AdminDeletesOwnArticle" classname="文章模块测试" time="0.005">
    <system-out><![CDATA[
MockHttpServletRequest:
      HTTP Method = DELETE
      Request URI = /api/articles/4
       Parameters = {}
          Headers = [Authorization:"Bearer eyJhbGciOiJIUzI1NiJ9.eyJ1c2VySWQiOjQsInJvbGUiOiJBRE1JTiIsInN1YiI6ImFkbWluX21nciIsImlhdCI6MTc2NDczNDY5MywiZXhwIjoxNzY0ODIxMDkzfQ.VehHhmkDvyWgLgr3ShELR7bpuKEscQOqJIvgaQKl02I"]
             Body = null
    Session Attrs = {}

Handler:
             Type = com.cuit.blog.controller.ArticleController
           Method = com.cuit.blog.controller.ArticleController#deleteArticle(Long)

Async:
    Async started = false
     Async result = null

Resolved Exception:
             Type = null

ModelAndView:
        View name = null
             View = null
            Model = null

FlashMap:
       Attributes = null

MockHttpServletResponse:
           Status = 200
    Error message = null
          Headers = [Vary:"Origin", "Access-Control-Request-Method", "Access-Control-Request-Headers", Content-Type:"application/json", X-Content-Type-Options:"nosniff", X-XSS-Protection:"0", Cache-Control:"no-cache, no-store, max-age=0, must-revalidate", Pragma:"no-cache", Expires:"0", X-Frame-Options:"DENY"]
     Content type = application/json
             Body = {"code":200,"message":"操作成功","data":null,"timestamp":1764734693319}
    Forwarded URL = null
   Redirected URL = null
          Cookies = []
]]></system-out>
  </testcase>
  <testcase name="testUpdateArticle_NotAuthor" classname="文章模块测试" time="0.004">
    <system-out><![CDATA[2025-12-03T12:04:53.325+08:00  WARN 81995 --- [cuit-my-blog-test] [           main] c.c.b.c.e.GlobalExceptionHandler         : 业务异常[403]: 没有相关权限

MockHttpServletRequest:
      HTTP Method = PUT
      Request URI = /api/articles/1
       Parameters = {}
          Headers = [Content-Type:"application/json;charset=UTF-8", Authorization:"Bearer eyJhbGciOiJIUzI1NiJ9.eyJ1c2VySWQiOjMsInJvbGUiOiJVU0VSIiwic3ViIjoidGVzdHVzZXIyIiwiaWF0IjoxNzY0NzM0NjkzLCJleHAiOjE3NjQ4MjEwOTN9.DR0FdSc0Is8j_h8H9Yy2EvisBdetHOEjxaj8tbUO5ZA", Content-Length:"126"]
             Body = {"title":"更新后的标题","content":"更新后的内容","categoryId":null,"tagIds":null,"coverImage":null,"summary":null}
    Session Attrs = {}

Handler:
             Type = com.cuit.blog.controller.ArticleController
           Method = com.cuit.blog.controller.ArticleController#updateArticle(Long, ArticleUpdateRequest)

Async:
    Async started = false
     Async result = null

Resolved Exception:
             Type = com.cuit.blog.common.exception.BusinessException

ModelAndView:
        View name = null
             View = null
            Model = null

FlashMap:
       Attributes = null

MockHttpServletResponse:
           Status = 200
    Error message = null
          Headers = [Vary:"Origin", "Access-Control-Request-Method", "Access-Control-Request-Headers", Content-Type:"application/json", X-Content-Type-Options:"nosniff", X-XSS-Protection:"0", Cache-Control:"no-cache, no-store, max-age=0, must-revalidate", Pragma:"no-cache", Expires:"0", X-Frame-Options:"DENY"]
     Content type = application/json
             Body = {"code":403,"message":"没有相关权限","data":null,"timestamp":1764734693325}
    Forwarded URL = null
   Redirected URL = null
          Cookies = []
]]></system-out>
  </testcase>
  <testcase name="testCreateArticle_ContentEmpty" classname="文章模块测试" time="0.005">
    <system-out><![CDATA[2025-12-03T12:04:53.330+08:00 ERROR 81995 --- [cuit-my-blog-test] [           main] c.c.b.c.e.GlobalExceptionHandler         : 参数校验失败: content: 文章内容不能为空

MockHttpServletRequest:
      HTTP Method = POST
      Request URI = /api/articles
       Parameters = {}
          Headers = [Content-Type:"application/json;charset=UTF-8", Authorization:"Bearer eyJhbGciOiJIUzI1NiJ9.eyJ1c2VySWQiOjIsInJvbGUiOiJVU0VSIiwic3ViIjoidGVzdHVzZXIxIiwiaWF0IjoxNzY0NzM0NjkzLCJleHAiOjE3NjQ4MjEwOTN9.HdmljmapxwMohNGADLEHi2bvDuJRrVTrfzb7DAF_wx4", Content-Length:"99"]
             Body = {"title":"测试标题","content":"","categoryId":1,"tagIds":null,"coverImage":null,"summary":null}
    Session Attrs = {}

Handler:
             Type = com.cuit.blog.controller.ArticleController
           Method = com.cuit.blog.controller.ArticleController#createArticle(ArticleCreateRequest)

Async:
    Async started = false
     Async result = null

Resolved Exception:
             Type = org.springframework.web.bind.MethodArgumentNotValidException

ModelAndView:
        View name = null
             View = null
            Model = null

FlashMap:
       Attributes = null

MockHttpServletResponse:
           Status = 400
    Error message = null
          Headers = [Vary:"Origin", "Access-Control-Request-Method", "Access-Control-Request-Headers", Content-Type:"application/json", X-Content-Type-Options:"nosniff", X-XSS-Protection:"0", Cache-Control:"no-cache, no-store, max-age=0, must-revalidate", Pragma:"no-cache", Expires:"0", X-Frame-Options:"DENY"]
     Content type = application/json
             Body = {"code":400,"message":"content: 文章内容不能为空","data":null,"timestamp":1764734693330}
    Forwarded URL = null
   Redirected URL = null
          Cookies = []
]]></system-out>
  </testcase>
  <testcase name="testDeleteArticle_ByAuthor" classname="文章模块测试" time="0.009">
    <system-out><![CDATA[
MockHttpServletRequest:
      HTTP Method = DELETE
      Request URI = /api/articles/1
       Parameters = {}
          Headers = [Authorization:"Bearer eyJhbGciOiJIUzI1NiJ9.eyJ1c2VySWQiOjIsInJvbGUiOiJVU0VSIiwic3ViIjoidGVzdHVzZXIxIiwiaWF0IjoxNzY0NzM0NjkzLCJleHAiOjE3NjQ4MjEwOTN9.HdmljmapxwMohNGADLEHi2bvDuJRrVTrfzb7DAF_wx4"]
             Body = null
    Session Attrs = {}

Handler:
             Type = com.cuit.blog.controller.ArticleController
           Method = com.cuit.blog.controller.ArticleController#deleteArticle(Long)

Async:
    Async started = false
     Async result = null

Resolved Exception:
             Type = null

ModelAndView:
        View name = null
             View = null
            Model = null

FlashMap:
       Attributes = null

MockHttpServletResponse:
           Status = 200
    Error message = null
          Headers = [Vary:"Origin", "Access-Control-Request-Method", "Access-Control-Request-Headers", Content-Type:"application/json", X-Content-Type-Options:"nosniff", X-XSS-Protection:"0", Cache-Control:"no-cache, no-store, max-age=0, must-revalidate", Pragma:"no-cache", Expires:"0", X-Frame-Options:"DENY"]
     Content type = application/json
             Body = {"code":200,"message":"操作成功","data":null,"timestamp":1764734693338}
    Forwarded URL = null
   Redirected URL = null
          Cookies = []
]]></system-out>
  </testcase>
  <testcase name="testDeleteArticle_NotAuthor" classname="文章模块测试" time="0.005">
    <system-out><![CDATA[2025-12-03T12:04:53.343+08:00  WARN 81995 --- [cuit-my-blog-test] [           main] c.c.b.c.e.GlobalExceptionHandler         : 业务异常[403]: 没有相关权限

MockHttpServletRequest:
      HTTP Method = DELETE
      Request URI = /api/articles/1
       Parameters = {}
          Headers = [Authorization:"Bearer eyJhbGciOiJIUzI1NiJ9.eyJ1c2VySWQiOjMsInJvbGUiOiJVU0VSIiwic3ViIjoidGVzdHVzZXIyIiwiaWF0IjoxNzY0NzM0NjkzLCJleHAiOjE3NjQ4MjEwOTN9.DR0FdSc0Is8j_h8H9Yy2EvisBdetHOEjxaj8tbUO5ZA"]
             Body = null
    Session Attrs = {}

Handler:
             Type = com.cuit.blog.controller.ArticleController
           Method = com.cuit.blog.controller.ArticleController#deleteArticle(Long)

Async:
    Async started = false
     Async result = null

Resolved Exception:
             Type = com.cuit.blog.common.exception.BusinessException

ModelAndView:
        View name = null
             View = null
            Model = null

FlashMap:
       Attributes = null

MockHttpServletResponse:
           Status = 200
    Error message = null
          Headers = [Vary:"Origin", "Access-Control-Request-Method", "Access-Control-Request-Headers", Content-Type:"application/json", X-Content-Type-Options:"nosniff", X-XSS-Protection:"0", Cache-Control:"no-cache, no-store, max-age=0, must-revalidate", Pragma:"no-cache", Expires:"0", X-Frame-Options:"DENY"]
     Content type = application/json
             Body = {"code":403,"message":"没有相关权限","data":null,"timestamp":1764734693343}
    Forwarded URL = null
   Redirected URL = null
          Cookies = []
]]></system-out>
  </testcase>
  <testcase name="testCreateArticle_CategoryIdNull" classname="文章模块测试" time="0.005">
    <system-out><![CDATA[2025-12-03T12:04:53.348+08:00 ERROR 81995 --- [cuit-my-blog-test] [           main] c.c.b.c.e.GlobalExceptionHandler         : 参数校验失败: categoryId: 分类ID不能为空

MockHttpServletRequest:
      HTTP Method = POST
      Request URI = /api/articles
       Parameters = {}
          Headers = [Content-Type:"application/json;charset=UTF-8", Authorization:"Bearer eyJhbGciOiJIUzI1NiJ9.eyJ1c2VySWQiOjIsInJvbGUiOiJVU0VSIiwic3ViIjoidGVzdHVzZXIxIiwiaWF0IjoxNzY0NzM0NjkzLCJleHAiOjE3NjQ4MjEwOTN9.HdmljmapxwMohNGADLEHi2bvDuJRrVTrfzb7DAF_wx4", Content-Length:"114"]
             Body = {"title":"测试标题","content":"文章内容","categoryId":null,"tagIds":null,"coverImage":null,"summary":null}
    Session Attrs = {}

Handler:
             Type = com.cuit.blog.controller.ArticleController
           Method = com.cuit.blog.controller.ArticleController#createArticle(ArticleCreateRequest)

Async:
    Async started = false
     Async result = null

Resolved Exception:
             Type = org.springframework.web.bind.MethodArgumentNotValidException

ModelAndView:
        View name = null
             View = null
            Model = null

FlashMap:
       Attributes = null

MockHttpServletResponse:
           Status = 400
    Error message = null
          Headers = [Vary:"Origin", "Access-Control-Request-Method", "Access-Control-Request-Headers", Content-Type:"application/json", X-Content-Type-Options:"nosniff", X-XSS-Protection:"0", Cache-Control:"no-cache, no-store, max-age=0, must-revalidate", Pragma:"no-cache", Expires:"0", X-Frame-Options:"DENY"]
     Content type = application/json
             Body = {"code":400,"message":"categoryId: 分类ID不能为空","data":null,"timestamp":1764734693348}
    Forwarded URL = null
   Redirected URL = null
          Cookies = []
]]></system-out>
  </testcase>
  <testcase name="testGetArticleById_Success" classname="文章模块测试" time="0.004">
    <system-out><![CDATA[
MockHttpServletRequest:
      HTTP Method = GET
      Request URI = /api/articles/1
       Parameters = {}
          Headers = []
             Body = null
    Session Attrs = {}

Handler:
             Type = com.cuit.blog.controller.ArticleController
           Method = com.cuit.blog.controller.ArticleController#getArticleById(Long)

Async:
    Async started = false
     Async result = null

Resolved Exception:
             Type = null

ModelAndView:
        View name = null
             View = null
            Model = null

FlashMap:
       Attributes = null

MockHttpServletResponse:
           Status = 200
    Error message = null
          Headers = [Vary:"Origin", "Access-Control-Request-Method", "Access-Control-Request-Headers", Content-Type:"application/json", X-Content-Type-Options:"nosniff", X-XSS-Protection:"0", Cache-Control:"no-cache, no-store, max-age=0, must-revalidate", Pragma:"no-cache", Expires:"0", X-Frame-Options:"DENY"]
     Content type = application/json
             Body = {"code":200,"message":"操作成功","data":{"id":1,"title":"第一篇测试文章","content":"# 第一篇文章内容\\n这是测试内容。","coverImage":null,"summary":"这是第一篇测试文章的摘要","category":{"id":1,"name":"Java","description":"Java编程相关","createdAt":"2025-12-03T04:04:52","articleCount":null},"tags":[{"id":1,"name":"Spring Boot","createdAt":"2025-12-03T04:04:52"},{"id":4,"name":"SQLite","createdAt":"2025-12-03T04:04:52"}],"author":{"id":2,"username":"testuser1","nickname":"测试用户1","avatar":null},"createdAt":"2025-12-03T04:04:52","updatedAt":"2025-12-03T04:04:52"},"timestamp":1764734693352}
    Forwarded URL = null
   Redirected URL = null
          Cookies = []
]]></system-out>
  </testcase>
  <testcase name="testCreateArticle_Success" classname="文章模块测试" time="0.005">
    <system-out><![CDATA[
MockHttpServletRequest:
      HTTP Method = POST
      Request URI = /api/articles
       Parameters = {}
          Headers = [Content-Type:"application/json;charset=UTF-8", Authorization:"Bearer eyJhbGciOiJIUzI1NiJ9.eyJ1c2VySWQiOjIsInJvbGUiOiJVU0VSIiwic3ViIjoidGVzdHVzZXIxIiwiaWF0IjoxNzY0NzM0NjkzLCJleHAiOjE3NjQ4MjEwOTN9.HdmljmapxwMohNGADLEHi2bvDuJRrVTrfzb7DAF_wx4", Content-Length:"156"]
             Body = {"title":"新建测试文章","content":"# 文章内容\n这是测试内容","categoryId":1,"tagIds":[1,2],"coverImage":null,"summary":"这是文章摘要"}
    Session Attrs = {}

Handler:
             Type = com.cuit.blog.controller.ArticleController
           Method = com.cuit.blog.controller.ArticleController#createArticle(ArticleCreateRequest)

Async:
    Async started = false
     Async result = null

Resolved Exception:
             Type = null

ModelAndView:
        View name = null
             View = null
            Model = null

FlashMap:
       Attributes = null

MockHttpServletResponse:
           Status = 200
    Error message = null
          Headers = [Vary:"Origin", "Access-Control-Request-Method", "Access-Control-Request-Headers", Content-Type:"application/json", X-Content-Type-Options:"nosniff", X-XSS-Protection:"0", Cache-Control:"no-cache, no-store, max-age=0, must-revalidate", Pragma:"no-cache", Expires:"0", X-Frame-Options:"DENY"]
     Content type = application/json
             Body = {"code":200,"message":"操作成功","data":{"id":7,"title":"新建测试文章","content":"# 文章内容\n这是测试内容","coverImage":null,"summary":"这是文章摘要","category":{"id":1,"name":"Java","description":"Java编程相关","createdAt":"2025-12-03T04:04:52","articleCount":null},"tags":[{"id":1,"name":"Spring Boot","createdAt":"2025-12-03T04:04:52"},{"id":2,"name":"MyBatis","createdAt":"2025-12-03T04:04:52"}],"author":{"id":2,"username":"testuser1","nickname":"测试用户1","avatar":null},"createdAt":"2025-12-03T12:04:53.357776","updatedAt":"2025-12-03T12:04:53.357795"},"timestamp":1764734693358}
    Forwarded URL = null
   Redirected URL = null
          Cookies = []
]]></system-out>
  </testcase>
</testsuite>