<?xml version="1.0" encoding="UTF-8"?>
<testsuite xmlns:xsi="http://www.w3.org/2001/XMLSchema-instance" xsi:noNamespaceSchemaLocation="https://maven.apache.org/surefire/maven-surefire-plugin/xsd/surefire-test-report.xsd" version="3.0.2" name="com.cuit.blog.BlogIntegrationTest" time="0.704" tests="16" errors="0" skipped="0" failures="0">
  <properties>
[...]
</properties>
  <testcase name="test01_UserRegister" classname="博客系统集成测试" time="0.178">
    <system-out><![CDATA[2025-12-03T12:04:52.066+08:00  INFO 81995 --- [cuit-my-blog-test] [           main] t.c.s.AnnotationConfigContextLoaderUtils : Could not detect default configuration classes for test class [com.cuit.blog.BlogIntegrationTest]: BlogIntegrationTest does not declare any static, non-private, non-final, nested classes annotated with @Configuration.
2025-12-03T12:04:52.068+08:00  INFO 81995 --- [cuit-my-blog-test] [           main] .b.t.c.SpringBootTestContextBootstrapper : Found @SpringBootConfiguration com.cuit.blog.CuitMyBlogApplication for test class com.cuit.blog.BlogIntegrationTest

  .   ____          _            __ _ _
 /\\ / ___'_ __ _ _(_)_ __  __ _ \ \ \ \
( ( )\___ | '_ | '_| | '_ \/ _` | \ \ \ \
 \\/  ___)| |_)| | | | | || (_| |  ) ) ) )
  '  |____| .__|_| |_|_| |_\__, | / / / /
 =========|_|==============|___/=/_/_/_/

 :: Spring Boot ::                (v3.5.7)

2025-12-03T12:04:52.079+08:00  INFO 81995 --- [cuit-my-blog-test] [           main] com.cuit.blog.BlogIntegrationTest        : Starting BlogIntegrationTest using Java 23.0.2 with PID 81995 (started by liujiajin in /Users/liujiajin/IdeaProjects/cuit-my-blog2/backend)
2025-12-03T12:04:52.079+08:00  INFO 81995 --- [cuit-my-blog-test] [           main] com.cuit.blog.BlogIntegrationTest        : The following 1 profile is active: "test"
 _ _   |_  _ _|_. ___ _ |    _ 
| | |\/|_)(_| | |_\  |_)||_|_\ 
     /               |         
                        3.5.5 
2025-12-03T12:04:52.207+08:00  INFO 81995 --- [cuit-my-blog-test] [           main] com.zaxxer.hikari.HikariDataSource       : HikariPool-2 - Starting...
2025-12-03T12:04:52.207+08:00  INFO 81995 --- [cuit-my-blog-test] [           main] com.zaxxer.hikari.pool.HikariPool        : HikariPool-2 - Added connection org.sqlite.jdbc4.JDBC4Connection@70a91d72
2025-12-03T12:04:52.207+08:00  INFO 81995 --- [cuit-my-blog-test] [           main] com.zaxxer.hikari.HikariDataSource       : HikariPool-2 - Start completed.
2025-12-03T12:04:52.295+08:00  INFO 81995 --- [cuit-my-blog-test] [           main] o.s.b.a.e.web.EndpointLinksResolver      : Exposing 1 endpoint beneath base path '/actuator'
2025-12-03T12:04:52.300+08:00  INFO 81995 --- [cuit-my-blog-test] [           main] r$InitializeUserDetailsManagerConfigurer : Global AuthenticationManager configured with UserDetailsService bean with name blogUserDetailsService
2025-12-03T12:04:52.341+08:00  INFO 81995 --- [cuit-my-blog-test] [           main] o.s.b.t.m.w.SpringBootMockServletContext : Initializing Spring TestDispatcherServlet ''
2025-12-03T12:04:52.342+08:00  INFO 81995 --- [cuit-my-blog-test] [           main] o.s.t.web.servlet.TestDispatcherServlet  : Initializing Servlet ''
2025-12-03T12:04:52.342+08:00  INFO 81995 --- [cuit-my-blog-test] [           main] o.s.t.web.servlet.TestDispatcherServlet  : Completed initialization in 0 ms
2025-12-03T12:04:52.349+08:00  INFO 81995 --- [cuit-my-blog-test] [           main] com.cuit.blog.BlogIntegrationTest        : Started BlogIntegrationTest in 0.279 seconds (process running for 2.675)

MockHttpServletRequest:
      HTTP Method = POST
      Request URI = /api/users/register
       Parameters = {}
          Headers = [Content-Type:"application/json;charset=UTF-8", Content-Length:"118"]
             Body = {"username":"integrationuser","password":"password123","email":"integration@test.com","nickname":"集成测试用户"}
    Session Attrs = {}

Handler:
             Type = com.cuit.blog.controller.UserController
           Method = com.cuit.blog.controller.UserController#register(UserRegisterRequest)

Async:
    Async started = false
     Async result = null

Resolved Exception:
             Type = null

ModelAndView:
        View name = null
             View = null
            Model = null

FlashMap:
       Attributes = null

MockHttpServletResponse:
           Status = 200
    Error message = null
          Headers = [Vary:"Origin", "Access-Control-Request-Method", "Access-Control-Request-Headers", Content-Type:"application/json", X-Content-Type-Options:"nosniff", X-XSS-Protection:"0", Cache-Control:"no-cache, no-store, max-age=0, must-revalidate", Pragma:"no-cache", Expires:"0", X-Frame-Options:"DENY"]
     Content type = application/json
             Body = {"code":200,"message":"操作成功","data":{"id":5,"username":"integrationuser","email":"integration@test.com","nickname":"集成测试用户","avatar":"/uploads/default/avatar.png","bio":null,"role":"USER","createdAt":"2025-12-03T12:04:52.543529"},"timestamp":1764734692545}
    Forwarded URL = null
   Redirected URL = null
          Cookies = []
]]></system-out>
  </testcase>
  <testcase name="test02_UserLogin" classname="博客系统集成测试" time="0.072">
    <system-out><![CDATA[
MockHttpServletRequest:
      HTTP Method = POST
      Request URI = /api/users/login
       Parameters = {}
          Headers = [Content-Type:"application/json;charset=UTF-8", Content-Length:"55"]
             Body = {"username":"integrationuser","password":"password123"}
    Session Attrs = {}

Handler:
             Type = com.cuit.blog.controller.UserController
           Method = com.cuit.blog.controller.UserController#login(UserLoginRequest)

Async:
    Async started = false
     Async result = null

Resolved Exception:
             Type = null

ModelAndView:
        View name = null
             View = null
            Model = null

FlashMap:
       Attributes = null

MockHttpServletResponse:
           Status = 200
    Error message = null
          Headers = [Vary:"Origin", "Access-Control-Request-Method", "Access-Control-Request-Headers", Content-Type:"application/json", X-Content-Type-Options:"nosniff", X-XSS-Protection:"0", Cache-Control:"no-cache, no-store, max-age=0, must-revalidate", Pragma:"no-cache", Expires:"0", X-Frame-Options:"DENY"]
     Content type = application/json
             Body = {"code":200,"message":"操作成功","data":{"user":{"id":5,"username":"integrationuser","email":"integration@test.com","nickname":"集成测试用户","avatar":"/uploads/default/avatar.png","bio":null,"role":"USER","createdAt":"2025-12-03T12:04:52.543529"},"token":"eyJhbGciOiJIUzI1NiJ9.eyJ1c2VySWQiOjUsInJvbGUiOiJVU0VSIiwic3ViIjoiaW50ZWdyYXRpb251c2VyIiwiaWF0IjoxNzY0NzM0NjkyLCJleHAiOjE3NjQ4MjEwOTJ9.JZWrEOxcIC8iuUcK6ArnRi-F5BDmYGul5wPMsJsx38Q","tokenType":"Bearer","expiresIn":86400000,"message":"登录成功"},"timestamp":1764734692635}
    Forwarded URL = null
   Redirected URL = null
          Cookies = []
]]></system-out>
  </testcase>
  <testcase name="test03_UpdateProfile" classname="博客系统集成测试" time="0.018">
    <system-out><![CDATA[
MockHttpServletRequest:
      HTTP Method = PUT
      Request URI = /api/users/profile
       Parameters = {}
          Headers = [Content-Type:"application/json;charset=UTF-8", Authorization:"Bearer eyJhbGciOiJIUzI1NiJ9.eyJ1c2VySWQiOjUsInJvbGUiOiJVU0VSIiwic3ViIjoiaW50ZWdyYXRpb251c2VyIiwiaWF0IjoxNzY0NzM0NjkyLCJleHAiOjE3NjQ4MjEwOTJ9.JZWrEOxcIC8iuUcK6ArnRi-F5BDmYGul5wPMsJsx38Q", Content-Length:"66"]
             Body = {"nickname":"更新后的昵称","bio":"这是我的个人简介"}
    Session Attrs = {}

Handler:
             Type = com.cuit.blog.controller.UserController
           Method = com.cuit.blog.controller.UserController#updateProfile(UserProfileUpdateRequest)

Async:
    Async started = false
     Async result = null

Resolved Exception:
             Type = null

ModelAndView:
        View name = null
             View = null
            Model = null

FlashMap:
       Attributes = null

MockHttpServletResponse:
           Status = 200
    Error message = null
          Headers = [Vary:"Origin", "Access-Control-Request-Method", "Access-Control-Request-Headers", Content-Type:"application/json", X-Content-Type-Options:"nosniff", X-XSS-Protection:"0", Cache-Control:"no-cache, no-store, max-age=0, must-revalidate", Pragma:"no-cache", Expires:"0", X-Frame-Options:"DENY"]
     Content type = application/json
             Body = {"code":200,"message":"操作成功","data":{"id":5,"username":"integrationuser","email":"integration@test.com","nickname":"更新后的昵称","avatar":"/uploads/default/avatar.png","bio":"这是我的个人简介","role":"USER","createdAt":"2025-12-03T12:04:52.543529"},"timestamp":1764734692654}
    Forwarded URL = null
   Redirected URL = null
          Cookies = []
]]></system-out>
  </testcase>
  <testcase name="test04_CreateArticle" classname="博客系统集成测试" time="0.018">
    <system-out><![CDATA[
MockHttpServletRequest:
      HTTP Method = POST
      Request URI = /api/articles
       Parameters = {}
          Headers = [Content-Type:"application/json;charset=UTF-8", Authorization:"Bearer eyJhbGciOiJIUzI1NiJ9.eyJ1c2VySWQiOjUsInJvbGUiOiJVU0VSIiwic3ViIjoiaW50ZWdyYXRpb251c2VyIiwiaWF0IjoxNzY0NzM0NjkyLCJleHAiOjE3NjQ4MjEwOTJ9.JZWrEOxcIC8iuUcK6ArnRi-F5BDmYGul5wPMsJsx38Q", Content-Length:"173"]
             Body = {"title":"集成测试文章","content":"# 这是集成测试\n\n这是文章内容。","categoryId":1,"tagIds":[1,2],"coverImage":null,"summary":"集成测试文章摘要"}
    Session Attrs = {}

Handler:
             Type = com.cuit.blog.controller.ArticleController
           Method = com.cuit.blog.controller.ArticleController#createArticle(ArticleCreateRequest)

Async:
    Async started = false
     Async result = null

Resolved Exception:
             Type = null

ModelAndView:
        View name = null
             View = null
            Model = null

FlashMap:
       Attributes = null

MockHttpServletResponse:
           Status = 200
    Error message = null
          Headers = [Vary:"Origin", "Access-Control-Request-Method", "Access-Control-Request-Headers", Content-Type:"application/json", X-Content-Type-Options:"nosniff", X-XSS-Protection:"0", Cache-Control:"no-cache, no-store, max-age=0, must-revalidate", Pragma:"no-cache", Expires:"0", X-Frame-Options:"DENY"]
     Content type = application/json
             Body = {"code":200,"message":"操作成功","data":{"id":6,"title":"集成测试文章","content":"# 这是集成测试\n\n这是文章内容。","coverImage":null,"summary":"集成测试文章摘要","category":{"id":1,"name":"Java","description":"Java编程相关","createdAt":"2025-12-03T04:04:52","articleCount":null},"tags":[{"id":1,"name":"Spring Boot","createdAt":"2025-12-03T04:04:52"},{"id":2,"name":"MyBatis","createdAt":"2025-12-03T04:04:52"}],"author":{"id":5,"username":"integrationuser","nickname":"更新后的昵称","avatar":"/uploads/default/avatar.png"},"createdAt":"2025-12-03T12:04:52.667006","updatedAt":"2025-12-03T12:04:52.667039"},"timestamp":1764734692671}
    Forwarded URL = null
   Redirected URL = null
          Cookies = []
]]></system-out>
  </testcase>
  <testcase name="test05_GetArticleDetail" classname="博客系统集成测试" time="0.007">
    <system-out><![CDATA[
MockHttpServletRequest:
      HTTP Method = GET
      Request URI = /api/articles/6
       Parameters = {}
          Headers = []
             Body = null
    Session Attrs = {}

Handler:
             Type = com.cuit.blog.controller.ArticleController
           Method = com.cuit.blog.controller.ArticleController#getArticleById(Long)

Async:
    Async started = false
     Async result = null

Resolved Exception:
             Type = null

ModelAndView:
        View name = null
             View = null
            Model = null

FlashMap:
       Attributes = null

MockHttpServletResponse:
           Status = 200
    Error message = null
          Headers = [Vary:"Origin", "Access-Control-Request-Method", "Access-Control-Request-Headers", Content-Type:"application/json", X-Content-Type-Options:"nosniff", X-XSS-Protection:"0", Cache-Control:"no-cache, no-store, max-age=0, must-revalidate", Pragma:"no-cache", Expires:"0", X-Frame-Options:"DENY"]
     Content type = application/json
             Body = {"code":200,"message":"操作成功","data":{"id":6,"title":"集成测试文章","content":"# 这是集成测试\n\n这是文章内容。","coverImage":null,"summary":"集成测试文章摘要","category":{"id":1,"name":"Java","description":"Java编程相关","createdAt":"2025-12-03T04:04:52","articleCount":null},"tags":[{"id":1,"name":"Spring Boot","createdAt":"2025-12-03T04:04:52"},{"id":2,"name":"MyBatis","createdAt":"2025-12-03T04:04:52"}],"author":{"id":5,"username":"integrationuser","nickname":"更新后的昵称","avatar":"/uploads/default/avatar.png"},"createdAt":"2025-12-03T12:04:52.667006","updatedAt":"2025-12-03T12:04:52.667039"},"timestamp":1764734692679}
    Forwarded URL = null
   Redirected URL = null
          Cookies = []
]]></system-out>
  </testcase>
  <testcase name="test06_CreateComment" classname="博客系统集成测试" time="0.011">
    <system-out><![CDATA[
MockHttpServletRequest:
      HTTP Method = POST
      Request URI = /api/comments
       Parameters = {}
          Headers = [Content-Type:"application/json;charset=UTF-8", Authorization:"Bearer eyJhbGciOiJIUzI1NiJ9.eyJ1c2VySWQiOjIsInJvbGUiOiJVU0VSIiwic3ViIjoidGVzdHVzZXIxIiwiaWF0IjoxNzY0NzM0NjkyLCJleHAiOjE3NjQ4MjEwOTJ9.xepJfYZqsotNo8I5LGBIF7fD8261Ezvl2Z_K_inFMXE", Content-Length:"89"]
             Body = {"articleId":6,"parentId":null,"replyToUserId":null,"content":"这是集成测试评论"}
    Session Attrs = {}

Handler:
             Type = com.cuit.blog.controller.CommentController
           Method = com.cuit.blog.controller.CommentController#createComment(CommentCreateRequest)

Async:
    Async started = false
     Async result = null

Resolved Exception:
             Type = null

ModelAndView:
        View name = null
             View = null
            Model = null

FlashMap:
       Attributes = null

MockHttpServletResponse:
           Status = 200
    Error message = null
          Headers = [Vary:"Origin", "Access-Control-Request-Method", "Access-Control-Request-Headers", Content-Type:"application/json", X-Content-Type-Options:"nosniff", X-XSS-Protection:"0", Cache-Control:"no-cache, no-store, max-age=0, must-revalidate", Pragma:"no-cache", Expires:"0", X-Frame-Options:"DENY"]
     Content type = application/json
             Body = {"code":200,"message":"操作成功","data":{"id":3,"articleId":6,"content":"这是集成测试评论","user":{"id":2,"username":"testuser1","nickname":"测试用户1","avatar":null},"replyToUser":null,"createdAt":"2025-12-03T12:04:52.690246","children":[]},"timestamp":1764734692690}
    Forwarded URL = null
   Redirected URL = null
          Cookies = []
]]></system-out>
  </testcase>
  <testcase name="test07_GetArticleComments" classname="博客系统集成测试" time="0.008">
    <system-out><![CDATA[
MockHttpServletRequest:
      HTTP Method = GET
      Request URI = /api/comments/article/6
       Parameters = {}
          Headers = []
             Body = null
    Session Attrs = {}

Handler:
             Type = com.cuit.blog.controller.CommentController
           Method = com.cuit.blog.controller.CommentController#getArticleComments(Long)

Async:
    Async started = false
     Async result = null

Resolved Exception:
             Type = null

ModelAndView:
        View name = null
             View = null
            Model = null

FlashMap:
       Attributes = null

MockHttpServletResponse:
           Status = 200
    Error message = null
          Headers = [Vary:"Origin", "Access-Control-Request-Method", "Access-Control-Request-Headers", Content-Type:"application/json", X-Content-Type-Options:"nosniff", X-XSS-Protection:"0", Cache-Control:"no-cache, no-store, max-age=0, must-revalidate", Pragma:"no-cache", Expires:"0", X-Frame-Options:"DENY"]
     Content type = application/json
             Body = {"code":200,"message":"操作成功","data":[{"id":3,"articleId":6,"content":"这是集成测试评论","user":{"id":2,"username":"testuser1","nickname":"测试用户1","avatar":null},"replyToUser":null,"createdAt":"2025-12-03T12:04:52.690246","children":[]}],"timestamp":1764734692698}
    Forwarded URL = null
   Redirected URL = null
          Cookies = []
]]></system-out>
  </testcase>
  <testcase name="test08_LikeArticle" classname="博客系统集成测试" time="0.008">
    <system-out><![CDATA[
MockHttpServletRequest:
      HTTP Method = POST
      Request URI = /api/likes/article/6
       Parameters = {}
          Headers = [Authorization:"Bearer eyJhbGciOiJIUzI1NiJ9.eyJ1c2VySWQiOjIsInJvbGUiOiJVU0VSIiwic3ViIjoidGVzdHVzZXIxIiwiaWF0IjoxNzY0NzM0NjkyLCJleHAiOjE3NjQ4MjEwOTJ9.xepJfYZqsotNo8I5LGBIF7fD8261Ezvl2Z_K_inFMXE"]
             Body = null
    Session Attrs = {}

Handler:
             Type = com.cuit.blog.controller.LikeController
           Method = com.cuit.blog.controller.LikeController#likeArticle(Long)

Async:
    Async started = false
     Async result = null

Resolved Exception:
             Type = null

ModelAndView:
        View name = null
             View = null
            Model = null

FlashMap:
       Attributes = null

MockHttpServletResponse:
           Status = 200
    Error message = null
          Headers = [Vary:"Origin", "Access-Control-Request-Method", "Access-Control-Request-Headers", Content-Type:"application/json", X-Content-Type-Options:"nosniff", X-XSS-Protection:"0", Cache-Control:"no-cache, no-store, max-age=0, must-revalidate", Pragma:"no-cache", Expires:"0", X-Frame-Options:"DENY"]
     Content type = application/json
             Body = {"code":200,"message":"操作成功","data":null,"timestamp":1764734692708}
    Forwarded URL = null
   Redirected URL = null
          Cookies = []
]]></system-out>
  </testcase>
  <testcase name="test09_CheckLikeStatus" classname="博客系统集成测试" time="0.006">
    <system-out><![CDATA[
MockHttpServletRequest:
      HTTP Method = GET
      Request URI = /api/likes/article/6/status
       Parameters = {}
          Headers = [Authorization:"Bearer eyJhbGciOiJIUzI1NiJ9.eyJ1c2VySWQiOjIsInJvbGUiOiJVU0VSIiwic3ViIjoidGVzdHVzZXIxIiwiaWF0IjoxNzY0NzM0NjkyLCJleHAiOjE3NjQ4MjEwOTJ9.xepJfYZqsotNo8I5LGBIF7fD8261Ezvl2Z_K_inFMXE"]
             Body = null
    Session Attrs = {}

Handler:
             Type = com.cuit.blog.controller.LikeController
           Method = com.cuit.blog.controller.LikeController#isLiked(Long)

Async:
    Async started = false
     Async result = null

Resolved Exception:
             Type = null

ModelAndView:
        View name = null
             View = null
            Model = null

FlashMap:
       Attributes = null

MockHttpServletResponse:
           Status = 200
    Error message = null
          Headers = [Vary:"Origin", "Access-Control-Request-Method", "Access-Control-Request-Headers", Content-Type:"application/json", X-Content-Type-Options:"nosniff", X-XSS-Protection:"0", Cache-Control:"no-cache, no-store, max-age=0, must-revalidate", Pragma:"no-cache", Expires:"0", X-Frame-Options:"DENY"]
     Content type = application/json
             Body = {"code":200,"message":"操作成功","data":true,"timestamp":1764734692716}
    Forwarded URL = null
   Redirected URL = null
          Cookies = []
]]></system-out>
  </testcase>
  <testcase name="test10_FollowAuthor" classname="博客系统集成测试" time="0.007">
    <system-out><![CDATA[
MockHttpServletRequest:
      HTTP Method = POST
      Request URI = /api/follows/5
       Parameters = {}
          Headers = [Authorization:"Bearer eyJhbGciOiJIUzI1NiJ9.eyJ1c2VySWQiOjIsInJvbGUiOiJVU0VSIiwic3ViIjoidGVzdHVzZXIxIiwiaWF0IjoxNzY0NzM0NjkyLCJleHAiOjE3NjQ4MjEwOTJ9.xepJfYZqsotNo8I5LGBIF7fD8261Ezvl2Z_K_inFMXE"]
             Body = null
    Session Attrs = {}

Handler:
             Type = com.cuit.blog.controller.FollowController
           Method = com.cuit.blog.controller.FollowController#followUser(Long)

Async:
    Async started = false
     Async result = null

Resolved Exception:
             Type = null

ModelAndView:
        View name = null
             View = null
            Model = null

FlashMap:
       Attributes = null

MockHttpServletResponse:
           Status = 200
    Error message = null
          Headers = [Vary:"Origin", "Access-Control-Request-Method", "Access-Control-Request-Headers", Content-Type:"application/json", X-Content-Type-Options:"nosniff", X-XSS-Protection:"0", Cache-Control:"no-cache, no-store, max-age=0, must-revalidate", Pragma:"no-cache", Expires:"0", X-Frame-Options:"DENY"]
     Content type = application/json
             Body = {"code":200,"message":"操作成功","data":null,"timestamp":1764734692724}
    Forwarded URL = null
   Redirected URL = null
          Cookies = []
]]></system-out>
  </testcase>
  <testcase name="test11_CheckFollowStatus" classname="博客系统集成测试" time="0.005">
    <system-out><![CDATA[
MockHttpServletRequest:
      HTTP Method = GET
      Request URI = /api/follows/5/status
       Parameters = {}
          Headers = [Authorization:"Bearer eyJhbGciOiJIUzI1NiJ9.eyJ1c2VySWQiOjIsInJvbGUiOiJVU0VSIiwic3ViIjoidGVzdHVzZXIxIiwiaWF0IjoxNzY0NzM0NjkyLCJleHAiOjE3NjQ4MjEwOTJ9.xepJfYZqsotNo8I5LGBIF7fD8261Ezvl2Z_K_inFMXE"]
             Body = null
    Session Attrs = {}

Handler:
             Type = com.cuit.blog.controller.FollowController
           Method = com.cuit.blog.controller.FollowController#isFollowing(Long)

Async:
    Async started = false
     Async result = null

Resolved Exception:
             Type = null

ModelAndView:
        View name = null
             View = null
            Model = null

FlashMap:
       Attributes = null

MockHttpServletResponse:
           Status = 200
    Error message = null
          Headers = [Vary:"Origin", "Access-Control-Request-Method", "Access-Control-Request-Headers", Content-Type:"application/json", X-Content-Type-Options:"nosniff", X-XSS-Protection:"0", Cache-Control:"no-cache, no-store, max-age=0, must-revalidate", Pragma:"no-cache", Expires:"0", X-Frame-Options:"DENY"]
     Content type = application/json
             Body = {"code":200,"message":"操作成功","data":true,"timestamp":1764734692730}
    Forwarded URL = null
   Redirected URL = null
          Cookies = []
]]></system-out>
  </testcase>
  <testcase name="test12_UpdateArticle" classname="博客系统集成测试" time="0.011">
    <system-out><![CDATA[
MockHttpServletRequest:
      HTTP Method = PUT
      Request URI = /api/articles/6
       Parameters = {}
          Headers = [Content-Type:"application/json;charset=UTF-8", Authorization:"Bearer eyJhbGciOiJIUzI1NiJ9.eyJ1c2VySWQiOjUsInJvbGUiOiJVU0VSIiwic3ViIjoiaW50ZWdyYXRpb251c2VyIiwiaWF0IjoxNzY0NzM0NjkyLCJleHAiOjE3NjQ4MjEwOTJ9.JZWrEOxcIC8iuUcK6ArnRi-F5BDmYGul5wPMsJsx38Q", Content-Length:"162"]
             Body = {"title":"更新后的集成测试文章","content":"# 更新后的内容\n\n内容已更新。","categoryId":null,"tagIds":null,"coverImage":null,"summary":null}
    Session Attrs = {}

Handler:
             Type = com.cuit.blog.controller.ArticleController
           Method = com.cuit.blog.controller.ArticleController#updateArticle(Long, ArticleUpdateRequest)

Async:
    Async started = false
     Async result = null

Resolved Exception:
             Type = null

ModelAndView:
        View name = null
             View = null
            Model = null

FlashMap:
       Attributes = null

MockHttpServletResponse:
           Status = 200
    Error message = null
          Headers = [Vary:"Origin", "Access-Control-Request-Method", "Access-Control-Request-Headers", Content-Type:"application/json", X-Content-Type-Options:"nosniff", X-XSS-Protection:"0", Cache-Control:"no-cache, no-store, max-age=0, must-revalidate", Pragma:"no-cache", Expires:"0", X-Frame-Options:"DENY"]
     Content type = application/json
             Body = {"code":200,"message":"操作成功","data":{"id":6,"title":"更新后的集成测试文章","content":"# 更新后的内容\n\n内容已更新。","coverImage":null,"summary":"集成测试文章摘要","category":{"id":1,"name":"Java","description":"Java编程相关","createdAt":"2025-12-03T04:04:52","articleCount":null},"tags":[{"id":1,"name":"Spring Boot","createdAt":"2025-12-03T04:04:52"},{"id":2,"name":"MyBatis","createdAt":"2025-12-03T04:04:52"}],"author":{"id":5,"username":"integrationuser","nickname":"更新后的昵称","avatar":"/uploads/default/avatar.png"},"createdAt":"2025-12-03T12:04:52.667006","updatedAt":"2025-12-03T12:04:52.667039"},"timestamp":1764734692741}
    Forwarded URL = null
   Redirected URL = null
          Cookies = []
]]></system-out>
  </testcase>
  <testcase name="test13_UnlikeArticle" classname="博客系统集成测试" time="0.006">
    <system-out><![CDATA[
MockHttpServletRequest:
      HTTP Method = DELETE
      Request URI = /api/likes/article/6
       Parameters = {}
          Headers = [Authorization:"Bearer eyJhbGciOiJIUzI1NiJ9.eyJ1c2VySWQiOjIsInJvbGUiOiJVU0VSIiwic3ViIjoidGVzdHVzZXIxIiwiaWF0IjoxNzY0NzM0NjkyLCJleHAiOjE3NjQ4MjEwOTJ9.xepJfYZqsotNo8I5LGBIF7fD8261Ezvl2Z_K_inFMXE"]
             Body = null
    Session Attrs = {}

Handler:
             Type = com.cuit.blog.controller.LikeController
           Method = com.cuit.blog.controller.LikeController#unlikeArticle(Long)

Async:
    Async started = false
     Async result = null

Resolved Exception:
             Type = null

ModelAndView:
        View name = null
             View = null
            Model = null

FlashMap:
       Attributes = null

MockHttpServletResponse:
           Status = 200
    Error message = null
          Headers = [Vary:"Origin", "Access-Control-Request-Method", "Access-Control-Request-Headers", Content-Type:"application/json", X-Content-Type-Options:"nosniff", X-XSS-Protection:"0", Cache-Control:"no-cache, no-store, max-age=0, must-revalidate", Pragma:"no-cache", Expires:"0", X-Frame-Options:"DENY"]
     Content type = application/json
             Body = {"code":200,"message":"操作成功","data":null,"timestamp":1764734692748}
    Forwarded URL = null
   Redirected URL = null
          Cookies = []
]]></system-out>
  </testcase>
  <testcase name="test14_UnfollowAuthor" classname="博客系统集成测试" time="0.007">
    <system-out><![CDATA[
MockHttpServletRequest:
      HTTP Method = DELETE
      Request URI = /api/follows/5
       Parameters = {}
          Headers = [Authorization:"Bearer eyJhbGciOiJIUzI1NiJ9.eyJ1c2VySWQiOjIsInJvbGUiOiJVU0VSIiwic3ViIjoidGVzdHVzZXIxIiwiaWF0IjoxNzY0NzM0NjkyLCJleHAiOjE3NjQ4MjEwOTJ9.xepJfYZqsotNo8I5LGBIF7fD8261Ezvl2Z_K_inFMXE"]
             Body = null
    Session Attrs = {}

Handler:
             Type = com.cuit.blog.controller.FollowController
           Method = com.cuit.blog.controller.FollowController#unfollowUser(Long)

Async:
    Async started = false
     Async result = null

Resolved Exception:
             Type = null

ModelAndView:
        View name = null
             View = null
            Model = null

FlashMap:
       Attributes = null

MockHttpServletResponse:
           Status = 200
    Error message = null
          Headers = [Vary:"Origin", "Access-Control-Request-Method", "Access-Control-Request-Headers", Content-Type:"application/json", X-Content-Type-Options:"nosniff", X-XSS-Protection:"0", Cache-Control:"no-cache, no-store, max-age=0, must-revalidate", Pragma:"no-cache", Expires:"0", X-Frame-Options:"DENY"]
     Content type = application/json
             Body = {"code":200,"message":"操作成功","data":null,"timestamp":1764734692754}
    Forwarded URL = null
   Redirected URL = null
          Cookies = []
]]></system-out>
  </testcase>
  <testcase name="test15_DeleteComment" classname="博客系统集成测试" time="0.006">
    <system-out><![CDATA[
MockHttpServletRequest:
      HTTP Method = DELETE
      Request URI = /api/comments/3
       Parameters = {}
          Headers = [Authorization:"Bearer eyJhbGciOiJIUzI1NiJ9.eyJ1c2VySWQiOjIsInJvbGUiOiJVU0VSIiwic3ViIjoidGVzdHVzZXIxIiwiaWF0IjoxNzY0NzM0NjkyLCJleHAiOjE3NjQ4MjEwOTJ9.xepJfYZqsotNo8I5LGBIF7fD8261Ezvl2Z_K_inFMXE"]
             Body = null
    Session Attrs = {}

Handler:
             Type = com.cuit.blog.controller.CommentController
           Method = com.cuit.blog.controller.CommentController#deleteComment(Long)

Async:
    Async started = false
     Async result = null

Resolved Exception:
             Type = null

ModelAndView:
        View name = null
             View = null
            Model = null

FlashMap:
       Attributes = null

MockHttpServletResponse:
           Status = 200
    Error message = null
          Headers = [Vary:"Origin", "Access-Control-Request-Method", "Access-Control-Request-Headers", Content-Type:"application/json", X-Content-Type-Options:"nosniff", X-XSS-Protection:"0", Cache-Control:"no-cache, no-store, max-age=0, must-revalidate", Pragma:"no-cache", Expires:"0", X-Frame-Options:"DENY"]
     Content type = application/json
             Body = {"code":200,"message":"操作成功","data":null,"timestamp":1764734692761}
    Forwarded URL = null
   Redirected URL = null
          Cookies = []
]]></system-out>
  </testcase>
  <testcase name="test16_DeleteArticle" classname="博客系统集成测试" time="0.005">
    <system-out><![CDATA[
MockHttpServletRequest:
      HTTP Method = DELETE
      Request URI = /api/articles/6
       Parameters = {}
          Headers = [Authorization:"Bearer eyJhbGciOiJIUzI1NiJ9.eyJ1c2VySWQiOjUsInJvbGUiOiJVU0VSIiwic3ViIjoiaW50ZWdyYXRpb251c2VyIiwiaWF0IjoxNzY0NzM0NjkyLCJleHAiOjE3NjQ4MjEwOTJ9.JZWrEOxcIC8iuUcK6ArnRi-F5BDmYGul5wPMsJsx38Q"]
             Body = null
    Session Attrs = {}

Handler:
             Type = com.cuit.blog.controller.ArticleController
           Method = com.cuit.blog.controller.ArticleController#deleteArticle(Long)

Async:
    Async started = false
     Async result = null

Resolved Exception:
             Type = null

ModelAndView:
        View name = null
             View = null
            Model = null

FlashMap:
       Attributes = null

MockHttpServletResponse:
           Status = 200
    Error message = null
          Headers = [Vary:"Origin", "Access-Control-Request-Method", "Access-Control-Request-Headers", Content-Type:"application/json", X-Content-Type-Options:"nosniff", X-XSS-Protection:"0", Cache-Control:"no-cache, no-store, max-age=0, must-revalidate", Pragma:"no-cache", Expires:"0", X-Frame-Options:"DENY"]
     Content type = application/json
             Body = {"code":200,"message":"操作成功","data":null,"timestamp":1764734692767}
    Forwarded URL = null
   Redirected URL = null
          Cookies = []
]]></system-out>
  </testcase>
</testsuite>