<?xml version="1.0" encoding="UTF-8"?>
<testsuite xmlns:xsi="http://www.w3.org/2001/XMLSchema-instance" xsi:noNamespaceSchemaLocation="https://maven.apache.org/surefire/maven-surefire-plugin/xsd/surefire-test-report.xsd" version="3.0.2" name="com.cuit.blog.controller.TagControllerTest" time="0.026" tests="6" errors="0" skipped="0" failures="0">
  <properties>
[...]
</properties>
  <testcase name="testGetTagById_NotFound" classname="标签模块测试" time="0.003">
    <system-out><![CDATA[2025-12-03T12:04:53.211+08:00  INFO 81995 --- [cuit-my-blog-test] [           main] t.c.s.AnnotationConfigContextLoaderUtils : Could not detect default configuration classes for test class [com.cuit.blog.controller.TagControllerTest]: TagControllerTest does not declare any static, non-private, non-final, nested classes annotated with @Configuration.
2025-12-03T12:04:53.212+08:00  INFO 81995 --- [cuit-my-blog-test] [           main] .b.t.c.SpringBootTestContextBootstrapper : Found @SpringBootConfiguration com.cuit.blog.CuitMyBlogApplication for test class com.cuit.blog.controller.TagControllerTest
2025-12-03T12:04:53.215+08:00  WARN 81995 --- [cuit-my-blog-test] [           main] c.c.b.c.e.GlobalExceptionHandler         : 业务异常[2003]: 标签不存在

MockHttpServletRequest:
      HTTP Method = GET
      Request URI = /api/tags/9999
       Parameters = {}
          Headers = []
             Body = null
    Session Attrs = {}

Handler:
             Type = com.cuit.blog.controller.TagController
           Method = com.cuit.blog.controller.TagController#getTagById(Long)

Async:
    Async started = false
     Async result = null

Resolved Exception:
             Type = com.cuit.blog.common.exception.BusinessException

ModelAndView:
        View name = null
             View = null
            Model = null

FlashMap:
       Attributes = null

MockHttpServletResponse:
           Status = 200
    Error message = null
          Headers = [Vary:"Origin", "Access-Control-Request-Method", "Access-Control-Request-Headers", Content-Type:"application/json", X-Content-Type-Options:"nosniff", X-XSS-Protection:"0", Cache-Control:"no-cache, no-store, max-age=0, must-revalidate", Pragma:"no-cache", Expires:"0", X-Frame-Options:"DENY"]
     Content type = application/json
             Body = {"code":2003,"message":"标签不存在","data":null,"timestamp":1764734693215}
    Forwarded URL = null
   Redirected URL = null
          Cookies = []
]]></system-out>
  </testcase>
  <testcase name="testCreateTag_Success" classname="标签模块测试" time="0.006">
    <system-out><![CDATA[
MockHttpServletRequest:
      HTTP Method = POST
      Request URI = /api/tags
       Parameters = {}
          Headers = [Content-Type:"application/json;charset=UTF-8", Authorization:"Bearer eyJhbGciOiJIUzI1NiJ9.eyJ1c2VySWQiOjEsInJvbGUiOiJBRE1JTiIsInN1YiI6ImFkbWluIiwiaWF0IjoxNzY0NzM0NjkzLCJleHAiOjE3NjQ4MjEwOTN9.ziMrizJ8HuOb1xE7FR3vckMvGbvsYp6U8dj50LKBcvg", Content-Length:"20"]
             Body = {"name":"新标签"}
    Session Attrs = {}

Handler:
             Type = com.cuit.blog.controller.TagController
           Method = com.cuit.blog.controller.TagController#createTag(TagRequest)

Async:
    Async started = false
     Async result = null

Resolved Exception:
             Type = null

ModelAndView:
        View name = null
             View = null
            Model = null

FlashMap:
       Attributes = null

MockHttpServletResponse:
           Status = 200
    Error message = null
          Headers = [Vary:"Origin", "Access-Control-Request-Method", "Access-Control-Request-Headers", Content-Type:"application/json", X-Content-Type-Options:"nosniff", X-XSS-Protection:"0", Cache-Control:"no-cache, no-store, max-age=0, must-revalidate", Pragma:"no-cache", Expires:"0", X-Frame-Options:"DENY"]
     Content type = application/json
             Body = {"code":200,"message":"操作成功","data":{"id":5,"name":"新标签","createdAt":"2025-12-03T12:04:53.222385"},"timestamp":1764734693222}
    Forwarded URL = null
   Redirected URL = null
          Cookies = []
]]></system-out>
  </testcase>
  <testcase name="testGetAllTags" classname="标签模块测试" time="0.002">
    <system-out><![CDATA[
MockHttpServletRequest:
      HTTP Method = GET
      Request URI = /api/tags
       Parameters = {}
          Headers = []
             Body = null
    Session Attrs = {}

Handler:
             Type = com.cuit.blog.controller.TagController
           Method = com.cuit.blog.controller.TagController#getAllTags()

Async:
    Async started = false
     Async result = null

Resolved Exception:
             Type = null

ModelAndView:
        View name = null
             View = null
            Model = null

FlashMap:
       Attributes = null

MockHttpServletResponse:
           Status = 200
    Error message = null
          Headers = [Vary:"Origin", "Access-Control-Request-Method", "Access-Control-Request-Headers", Content-Type:"application/json", X-Content-Type-Options:"nosniff", X-XSS-Protection:"0", Cache-Control:"no-cache, no-store, max-age=0, must-revalidate", Pragma:"no-cache", Expires:"0", X-Frame-Options:"DENY"]
     Content type = application/json
             Body = {"code":200,"message":"操作成功","data":[{"id":1,"name":"Spring Boot","createdAt":"2025-12-03T04:04:52"},{"id":2,"name":"MyBatis","createdAt":"2025-12-03T04:04:52"},{"id":3,"name":"Vue.js","createdAt":"2025-12-03T04:04:52"},{"id":4,"name":"SQLite","createdAt":"2025-12-03T04:04:52"}],"timestamp":1764734693225}
    Forwarded URL = null
   Redirected URL = null
          Cookies = []
]]></system-out>
  </testcase>
  <testcase name="testGetTagById_Success" classname="标签模块测试" time="0.002">
    <system-out><![CDATA[
MockHttpServletRequest:
      HTTP Method = GET
      Request URI = /api/tags/1
       Parameters = {}
          Headers = []
             Body = null
    Session Attrs = {}

Handler:
             Type = com.cuit.blog.controller.TagController
           Method = com.cuit.blog.controller.TagController#getTagById(Long)

Async:
    Async started = false
     Async result = null

Resolved Exception:
             Type = null

ModelAndView:
        View name = null
             View = null
            Model = null

FlashMap:
       Attributes = null

MockHttpServletResponse:
           Status = 200
    Error message = null
          Headers = [Vary:"Origin", "Access-Control-Request-Method", "Access-Control-Request-Headers", Content-Type:"application/json", X-Content-Type-Options:"nosniff", X-XSS-Protection:"0", Cache-Control:"no-cache, no-store, max-age=0, must-revalidate", Pragma:"no-cache", Expires:"0", X-Frame-Options:"DENY"]
     Content type = application/json
             Body = {"code":200,"message":"操作成功","data":{"id":1,"name":"Spring Boot","createdAt":"2025-12-03T04:04:52"},"timestamp":1764734693228}
    Forwarded URL = null
   Redirected URL = null
          Cookies = []
]]></system-out>
  </testcase>
  <testcase name="testCreateTag_NameTooLong" classname="标签模块测试" time="0.003">
    <system-out><![CDATA[2025-12-03T12:04:53.231+08:00 ERROR 81995 --- [cuit-my-blog-test] [           main] c.c.b.c.e.GlobalExceptionHandler         : 参数校验失败: name: 标签名称不能超过50个字符

MockHttpServletRequest:
      HTTP Method = POST
      Request URI = /api/tags
       Parameters = {}
          Headers = [Content-Type:"application/json;charset=UTF-8", Authorization:"Bearer eyJhbGciOiJIUzI1NiJ9.eyJ1c2VySWQiOjEsInJvbGUiOiJBRE1JTiIsInN1YiI6ImFkbWluIiwiaWF0IjoxNzY0NzM0NjkzLCJleHAiOjE3NjQ4MjEwOTN9.ziMrizJ8HuOb1xE7FR3vckMvGbvsYp6U8dj50LKBcvg", Content-Length:"209"]
             Body = {"name":"这是一个非常非常非常非常非常非常非常非常非常非常非常非常非常非常非常非常非常非常非常非常非常非常非常非常非常非常非常非常长的标签名称"}
    Session Attrs = {}

Handler:
             Type = com.cuit.blog.controller.TagController
           Method = com.cuit.blog.controller.TagController#createTag(TagRequest)

Async:
    Async started = false
     Async result = null

Resolved Exception:
             Type = org.springframework.web.bind.MethodArgumentNotValidException

ModelAndView:
        View name = null
             View = null
            Model = null

FlashMap:
       Attributes = null

MockHttpServletResponse:
           Status = 400
    Error message = null
          Headers = [Vary:"Origin", "Access-Control-Request-Method", "Access-Control-Request-Headers", Content-Type:"application/json", X-Content-Type-Options:"nosniff", X-XSS-Protection:"0", Cache-Control:"no-cache, no-store, max-age=0, must-revalidate", Pragma:"no-cache", Expires:"0", X-Frame-Options:"DENY"]
     Content type = application/json
             Body = {"code":400,"message":"name: 标签名称不能超过50个字符","data":null,"timestamp":1764734693231}
    Forwarded URL = null
   Redirected URL = null
          Cookies = []
]]></system-out>
  </testcase>
  <testcase name="testCreateTag_NameEmpty" classname="标签模块测试" time="0.004">
    <system-out><![CDATA[2025-12-03T12:04:53.235+08:00 ERROR 81995 --- [cuit-my-blog-test] [           main] c.c.b.c.e.GlobalExceptionHandler         : 参数校验失败: name: 标签名称不能为空

MockHttpServletRequest:
      HTTP Method = POST
      Request URI = /api/tags
       Parameters = {}
          Headers = [Content-Type:"application/json;charset=UTF-8", Authorization:"Bearer eyJhbGciOiJIUzI1NiJ9.eyJ1c2VySWQiOjEsInJvbGUiOiJBRE1JTiIsInN1YiI6ImFkbWluIiwiaWF0IjoxNzY0NzM0NjkzLCJleHAiOjE3NjQ4MjEwOTN9.ziMrizJ8HuOb1xE7FR3vckMvGbvsYp6U8dj50LKBcvg", Content-Length:"11"]
             Body = {"name":""}
    Session Attrs = {}

Handler:
             Type = com.cuit.blog.controller.TagController
           Method = com.cuit.blog.controller.TagController#createTag(TagRequest)

Async:
    Async started = false
     Async result = null

Resolved Exception:
             Type = org.springframework.web.bind.MethodArgumentNotValidException

ModelAndView:
        View name = null
             View = null
            Model = null

FlashMap:
       Attributes = null

MockHttpServletResponse:
           Status = 400
    Error message = null
          Headers = [Vary:"Origin", "Access-Control-Request-Method", "Access-Control-Request-Headers", Content-Type:"application/json", X-Content-Type-Options:"nosniff", X-XSS-Protection:"0", Cache-Control:"no-cache, no-store, max-age=0, must-revalidate", Pragma:"no-cache", Expires:"0", X-Frame-Options:"DENY"]
     Content type = application/json
             Body = {"code":400,"message":"name: 标签名称不能为空","data":null,"timestamp":1764734693235}
    Forwarded URL = null
   Redirected URL = null
          Cookies = []
]]></system-out>
  </testcase>
</testsuite>